"../../../Engine/Content/EngineFonts/Roboto.uasset" 0
"../../../Engine/Content/Functions/Engine_MaterialFunctions01/Shading/PowerToRoughness.uasset" 1
"../../../Engine/Content/Functions/Engine_MaterialFunctions01/Shading/ConvertFromDiffSpec.uasset" 2
"../../../Engine/Content/EngineMaterials/DefaultDiffuse.uasset" 3
"../../../Engine/Content/EngineMaterials/DefaultDeferredDecalMaterial.uasset" 4
"../../../Engine/Content/EngineMaterials/DefaultLightFunctionMaterial.uasset" 5
"../../../Engine/Content/Functions/Engine_MaterialFunctions02/Utility/BreakOutFloat2Components.uasset" 6
"../../../Engine/Content/EngineMaterials/DefaultPostProcessMaterial.uasset" 7
"../../../Engine/Content/EngineResources/DefaultTexture.uasset" 8
"../../../Engine/Content/Functions/Engine_MaterialFunctions01/Texturing/ScaleUVsByCenter.uasset" 9
"../../../Engine/Content/Functions/Engine_MaterialFunctions02/ScreenResolution.uasset" 10
"../../../Engine/Content/Functions/Engine_MaterialFunctions02/Texturing/ScreenAlignedUVs.uasset" 11
"../../../Engine/Content/EngineResources/WhiteSquareTexture.uasset" 12
"../../../Engine/Content/EngineMaterials/Widget3DPassThrough.uasset" 13
"../../../Engine/Content/EngineMaterials/Widget3DPassThrough_Translucent.uasset" 14
"../../../Engine/Content/EngineMaterials/Widget3DPassThrough_Translucent_OneSided.uasset" 15
"../../../Engine/Content/EngineMaterials/Widget3DPassThrough_Opaque.uasset" 16
"../../../Engine/Content/EngineMaterials/Widget3DPassThrough_Opaque_OneSided.uasset" 17
"../../../Engine/Content/EngineMaterials/Widget3DPassThrough_Masked.uasset" 18
"../../../Engine/Content/EngineMaterials/Widget3DPassThrough_Masked_OneSided.uasset" 19
"../../../Engine/Content/EditorResources/S_Actor.uasset" 20
"../../../Engine/Content/EngineResources/AICON-Red.uasset" 21
"../../../Engine/Content/EngineResources/AICON-Green.uasset" 22
"../../../Engine/Content/EditorMaterials/Camera/CineMat.uasset" 23
"../../../Engine/Content/EditorMaterials/Camera/MI_CineMat_Rig.uasset" 24
"../../../Engine/Content/EditorMeshes/Camera/SM_CraneRig_Base.uasset" 25
"../../../Engine/Content/EditorMeshes/Camera/SM_CraneRig_Arm.uasset" 26
"../../../Engine/Content/EditorMeshes/Camera/SM_CraneRig_Mount.uasset" 27
"../../../Engine/Content/EditorMeshes/Camera/SM_CraneRig_Body.uasset" 28
"../../../Engine/Content/EditorMeshes/Camera/SM_RailRig_Track.uasset" 29
"../../../Engine/Content/EditorMeshes/Camera/SM_RailRig_Mount.uasset" 30
"../../../Engine/Content/EditorMaterials/AssetViewer/EpicQuadPanorama_CC+EV1.uasset" 31
"../../../Engine/Content/EditorResources/RGBTable16x1_AssetViewer.uasset" 32
"../../../Engine/Content/Maps/Templates/Thumbnails/Default.uasset" 33
"../../../Engine/Content/Maps/Templates/Thumbnails/VR-Basic.uasset" 34
"../../../Engine/Content/EditorMaterials/ParticleSystems/PSysThumbnail_NoImage.uasset" 35
"../../../Engine/Content/EditorMaterials/ParticleSystems/PSysThumbnail_OOD.uasset" 36
"../../../Engine/Content/EditorLandscapeResources/DataLayer.uasset" 37
"../../../Engine/Content/EngineDamageTypes/DmgTypeBP_Environmental.uasset" 38
"../../../Engine/Content/EngineMeshes/Sphere.uasset" 39
"../../../Engine/Content/EngineFonts/RobotoDistanceField.uasset" 40
"../../../Engine/Content/EngineMaterials/DefaultTextMaterialOpaque.uasset" 41
"../../../Engine/Content/EditorResources/S_Trigger.uasset" 42
"../../../Engine/Content/EngineResources/GradientTexture0.uasset" 43
"../../../Engine/Content/EngineResources/Black.uasset" 44
"../../../Engine/Content/EditorMaterials/MatineeGroups/MAT_Groups_Float.uasset" 45
"../../../Engine/Content/EditorMaterials/MatineeGroups/MAT_Groups_Director.uasset" 46
"../../../Engine/Content/EditorMaterials/MatineeGroups/MAT_Groups_Event.uasset" 47
"../../../Engine/Content/EditorMaterials/MatineeGroups/MAT_Groups_Anim.uasset" 48
"../../../Engine/Content/EditorMaterials/MatineeGroups/MAT_Groups_Fade.uasset" 49
"../../../Engine/Content/EditorMaterials/MatineeGroups/MAT_Groups_Move.uasset" 50
"../../../Engine/Content/EditorMaterials/MatineeGroups/MAT_Groups_Slomo.uasset" 51
"../../../Engine/Content/EditorMaterials/MatineeGroups/MAT_ColorTrack.uasset" 52
"../../../Engine/Content/EditorMaterials/MAT_Groups_Toggle.uasset" 53
"../../../Engine/Content/EditorMaterials/MatineeGroups/MAT_Groups_AudioMaster.uasset" 54
"../../../Engine/Content/EditorMaterials/MatineeGroups/MAT_Groups_Sound.uasset" 55
"../../../Engine/Content/EditorMaterials/MatineeGroups/MAT_Groups_Vector.uasset" 56
"../../../Engine/Content/EditorMaterials/MAT_Groups_Visibility.uasset" 57
"../../../Engine/Content/EngineResources/DefaultTextureCube.uasset" 58
"../../../Engine/Content/Functions/Engine_MaterialFunctions01/Opacity/CameraDepthFade.uasset" 59
"../../../Engine/Content/EngineMaterials/T_Default_Material_Grid_M.uasset" 60
"../../../Engine/Content/EngineMaterials/T_Default_Material_Grid_N.uasset" 61
"../../../Engine/Content/EngineMaterials/DefaultMaterial.uasset" 62
"../../../Engine/Content/EngineMeshes/Cylinder.uasset" 63
"../../../Engine/Content/EngineTireTypes/DefaultTireType.uasset" 64
"../../../Engine/Content/VREditor/LaserPointer/VR_LaserPower_01.uasset" 65
"../../../Engine/Content/VREditor/TransformGizmo/TransformGizmoMaterial.uasset" 66
"../../../Engine/Content/VREditor/TransformGizmo/TranslucentTransformGizmoMaterial.uasset" 67
"../../../Engine/Content/VREditor/TransformGizmo/UniformScaleHandle.uasset" 68
"../../../Engine/Content/VREditor/TransformGizmo/TranslateHandleLong.uasset" 69
"../../../Engine/Content/VREditor/TransformGizmo/PlaneTranslationHandle.uasset" 70
"../../../Engine/Content/VREditor/TransformGizmo/RotationHandleFull.uasset" 71
"../../../Engine/Content/VREditor/TransformGizmo/StretchingHandle.uasset" 72
"../../../Engine/Content/VREditor/TransformGizmo/BoundingBoxCorner.uasset" 73
"../../../Engine/Content/VREditor/TransformGizmo/BoundingBoxEdge.uasset" 74
"../../../Engine/Content/VREditor/UI/SelectionBarMesh.uasset" 75
"../../../Engine/Content/VREditor/UI/CloseButtonMesh.uasset" 76
"../../../Engine/Content/VREditor/FloatingText/LineMaterial.uasset" 77
"../../../Engine/Content/VREditor/FloatingText/LineSegmentCylinder.uasset" 78
"../../../Engine/Content/VREditor/FloatingText/JointSphere.uasset" 79
"../../../Engine/Content/VREditor/Fonts/VRText_RobotoLarge.uasset" 80
"../../../Engine/Content/VREditor/Fonts/VRTextMaterial.uasset" 81
"../../../Engine/Content/VREditor/Fonts/TranslucentVRTextMaterial.uasset" 82
"../../../Engine/Content/VREditor/TransformGizmo/TranslationHandle.uasset" 83
"../../../Engine/Content/VREditor/TransformGizmo/RotationHandle.uasset" 84
"../../../Engine/Content/Functions/Engine_MaterialFunctions01/Gradient/RadialGradient.uasset" 85
"../../../Engine/Content/EditorLandscapeResources/FlattenHeightMat.uasset" 86
"../../../Engine/Content/VREditor/WorldMovementGrid/PlaneMesh.uasset" 87
"../../../Engine/Content/VREditor/WorldMovementGrid/SimpleGrid.uasset" 88
"../../../Engine/Content/VREditor/WorldMovementGrid/GridMaterial.uasset" 89
"../../../Engine/Content/VREditor/LaserPointer/LaserPointerMaterial.uasset" 90
"../../../Engine/Content/VREditor/LaserPointer/LaserPointerMaterialInst.uasset" 91
"../../../Engine/Content/VREditor/LaserPointer/TranslucentLaserPointerMaterialInst.uasset" 92
"../../../Engine/Content/VREditor/LaserPointer/LaserPointerMesh.uasset" 93
"../../../Engine/Content/Functions/Engine_MaterialFunctions01/Density/ExponentialDensity.uasset" 94
"../../../Engine/Content/VREditor/WorldMovementGrid/GridPostProcess.uasset" 95
"../../../Engine/Content/VREditor/Sounds/VR_teleport_Cue.uasset" 96
"../../../Engine/Content/VREditor/Sounds/VR_grab_Cue.uasset" 97
"../../../Engine/Content/Tutorial/Basics/LevelEditorAttract.uasset" 98
"../../../Engine/Content/Tutorial/Basics/TutorialAssets/icon_tab_Levels_40x.uasset" 99
"../../../Engine/Content/Tutorial/Basics/LevelEditorOverview.uasset" 100
"../../../Engine/Content/Tutorial/BlueprintTutorials/TutorialAssets/Blueprint_64x.uasset" 101
"../../../Engine/Content/Tutorial/BlueprintTutorials/BlueprintEditorTutorial.uasset" 102
"../../../Engine/Content/Tutorial/BlueprintTutorials/TutorialAssets/BlueprintInterface_64x.uasset" 103
"../../../Engine/Content/Tutorial/BlueprintTutorials/BlueprintInterfacesEditorOverview.uasset" 104
"../../../Engine/Content/Tutorial/SubEditors/StaticMeshEditorTutorial.uasset" 105
"../../../Engine/Content/Tutorial/ContentIntroCurve.uasset" 106
"../../../Engine/Plugins/2D/Paper2D/Content/PlaceholderTextures/DummySpriteTexture.uasset" 107
"../../../Engine/Plugins/2D/Paper2D/Content/DefaultSpriteMaterial.uasset" 108
"../../../Engine/Plugins/2D/Paper2D/Content/MaskedUnlitSpriteMaterial.uasset" 109
"../../../Engine/Plugins/2D/Paper2D/Content/OpaqueUnlitSpriteMaterial.uasset" 110
"../../../Engine/Plugins/2D/Paper2D/Content/DummySprite.uasset" 111
"../../../Engine/Plugins/2D/Paper2D/Content/DefaultPaperTerrainMaterial.uasset" 112
"../../../Engine/Content/EngineMaterials/RemoveSurfaceMaterial.uasset" 113
"../../../Engine/Content/EngineDebugMaterials/DebugMeshMaterial.uasset" 114
"../../../Engine/Content/EngineMaterials/InvalidLightmapSettings.uasset" 115
"../../../Engine/Content/EngineMaterials/M_InvalidLightmapSettings.uasset" 116
"../../../Engine/Content/EditorMaterials/GizmoMaterial.uasset" 117
"../../../Engine/Content/EngineMaterials/PhAT_JointLimitMaterial.uasset" 118
"../../../Engine/Content/EngineMaterials/DefaultBokeh.uasset" 119
"../../../Engine/Content/EngineMaterials/PreintegratedSkinBRDF.uasset" 120
"../../../Engine/Content/EngineMaterials/MiniFont.uasset" 121
"../../../Engine/Content/EngineMaterials/WeightMapPlaceholderTexture.uasset" 122
"../../../Engine/Content/EngineMaterials/DefaultWhiteGrid.uasset" 123
"../../../Engine/Content/EngineMaterials/DefaultPhysicalMaterial.uasset" 124
"../../../Engine/Content/EngineFonts/RobotoTiny.uasset" 125
"../../../Engine/Content/EditorSounds/Notifications/CompileSuccess.uasset" 126
"../../../Engine/Content/EditorSounds/Notifications/CompileStart_Cue.uasset" 127
"../../../Engine/Content/EditorSounds/Notifications/CompileSuccess_Cue.uasset" 128
"../../../Engine/Content/EditorSounds/Notifications/CompileFailed.uasset" 129
"../../../Engine/Content/EditorSounds/Notifications/CompileFailed_Cue.uasset" 130
"../../../Engine/Content/MobileResources/HUD/VirtualJoystick_Background.uasset" 131
"../../../Engine/Content/MobileResources/HUD/VirtualJoystick_Thumb.uasset" 132
"../../../Engine/Content/MobileResources/HUD/DefaultVirtualJoysticks.uasset" 133
"../../../Engine/Content/MobileResources/HUD/MobileHUDButtonFire.uasset" 134
"../../../Engine/Content/MobileResources/HUD/T_Castle_ThumbstickOutter.uasset" 135
"../../../Engine/Content/MobileResources/HUD/MobileHUDDirectionStick.uasset" 136
"../../../Engine/Content/EditorBlueprintResources/StandardMacros.uasset" 137
"../../../Engine/Content/BasicShapes/BasicShapeMaterial.uasset" 138
"../../../Engine/Content/BasicShapes/Cone.uasset" 139
"../../../vrWTrigo8/Content/Blueprints/BPCone.uasset" 140
"../../../Engine/Content/EngineMaterials/WorldGridMaterial.uasset" 141
"../../../Engine/Content/BasicShapes/Cube.uasset" 142
"../../../vrWTrigo8/Content/Blueprints/BPCube.uasset" 143
"../../../vrWTrigo8/Content/Blueprints/1BPCone2.uasset" 144
"../../../vrWTrigo8/Content/VirtualRealityBP/Blueprints/PickupActorInterface.uasset" 145
"../../../vrWTrigo8/Content/Geometry/Meshes/CubeMaterial.uasset" 146
"../../../vrWTrigo8/Content/Geometry/Meshes/1M_Cube.uasset" 147
"../../../vrWTrigo8/Content/Blueprints/1BPCube2.uasset" 148
"../../../vrWTrigo8/Content/BlueprintsTrig_a5/aTrig5CenterCone.uasset" 149
"../../../vrWTrigo8/Content/Geometry/Trigonopterus_a5/blau.uasset" 150
"../../../vrWTrigo8/Content/Geometry/Trigonopterus_a5/atrig5_01abdomen_1.uasset" 151
"../../../vrWTrigo8/Content/BlueprintsTrig_a5/aTrig.uasset" 152
"../../../vrWTrigo8/Content/BlueprintsTrig_a5/aTrig_Child.uasset" 153
"../../../vrWTrigo8/Content/Geometry/fbximporttests/fbxexporttest1-scale100_Cone.uasset" 154
"../../../vrWTrigo8/Content/Geometry/fbximporttests/fbxexporttest1-scale100_Suzanne.uasset" 155
"../../../vrWTrigo8/Content/Geometry/Meshes/1M_Cube_Chamfer.uasset" 156
"../../../vrWTrigo8/Content/Geometry/Meshes/TemplateFloor.uasset" 157
"../../../vrWTrigo8/Content/Geometry/Trigonopterus_a2/blau.uasset" 158
"../../../vrWTrigo8/Content/Geometry/Trigonopterus_a2/atrigv2_74thorax_1.uasset" 159
"../../../vrWTrigo8/Content/Geometry/Trigonopterus_a2/atrigv2_75thorax_2_front.uasset" 160
"../../../vrWTrigo8/Content/Geometry/Trigonopterus_a2/atrigv2_76thorax_3_in.uasset" 161
"../../../vrWTrigo8/Content/StarterContent/Materials/M_Basic_Wall.uasset" 162
"../../../vrWTrigo8/Content/StarterContent/Architecture/Pillar_50x500.uasset" 163
"../../../vrWTrigo8/Content/StarterContent/Architecture/Wall_400x300.uasset" 164
"../../../vrWTrigo8/Content/StarterContent/Architecture/Wall_400x400.uasset" 165
"../../../vrWTrigo8/Content/StarterContent/Architecture/Wall_500x500.uasset" 166
"../../../vrWTrigo8/Content/StarterContent/Architecture/Wall_Door_400x400.uasset" 167
"../../../vrWTrigo8/Content/StarterContent/Architecture/Wall_Window_400x400.uasset" 168
"../../../vrWTrigo8/Content/StarterContent/Audio/Light01_Cue.uasset" 169
"../../../vrWTrigo8/Content/StarterContent/Audio/Light02_Cue.uasset" 170
"../../../vrWTrigo8/Content/StarterContent/Audio/Explosion_Cue.uasset" 171
"../../../vrWTrigo8/Content/StarterContent/Textures/T_Burst_M.uasset" 172
"../../../vrWTrigo8/Content/StarterContent/Particles/Materials/M_Burst.uasset" 173
"../../../vrWTrigo8/Content/StarterContent/Textures/T_Explosion_SubUV.uasset" 174
"../../../vrWTrigo8/Content/StarterContent/Particles/Materials/M_explosion_subUV.uasset" 175
"../../../vrWTrigo8/Content/StarterContent/Particles/Materials/m_flare_01.uasset" 176
"../../../vrWTrigo8/Content/StarterContent/Particles/Materials/M_radial_ramp.uasset" 177
"../../../vrWTrigo8/Content/StarterContent/Textures/T_Smoke_SubUV.uasset" 178
"../../../vrWTrigo8/Content/StarterContent/Textures/T_Smoke_Tiled_D.uasset" 179
"../../../vrWTrigo8/Content/StarterContent/Particles/Materials/M_smoke_subUV.uasset" 180
"../../../vrWTrigo8/Content/StarterContent/Particles/P_Explosion.uasset" 181
"../../../vrWTrigo8/Content/StarterContent/Blueprints/Blueprint_Effect_Explosion.uasset" 182
"../../../Engine/Content/EditorMeshes/ColorCalibrator/T_ColorGrid.uasset" 183
"../../../vrWTrigo8/Content/StarterContent/Materials/M_ColorGrid_LowSpec.uasset" 184
"../../../vrWTrigo8/Content/StarterContent/Textures/T_Bush_D.uasset" 185
"../../../vrWTrigo8/Content/StarterContent/Textures/T_Bush_N.uasset" 186
"../../../vrWTrigo8/Content/StarterContent/Props/Materials/M_Bush.uasset" 187
"../../../vrWTrigo8/Content/StarterContent/Props/SM_Bush.uasset" 188
"../../../vrWTrigo8/Content/StarterContent/Textures/T_Chair_M.uasset" 189
"../../../vrWTrigo8/Content/StarterContent/Textures/T_Chair_N.uasset" 190
"../../../vrWTrigo8/Content/StarterContent/Props/Materials/M_Chair.uasset" 191
"../../../vrWTrigo8/Content/StarterContent/Props/SM_Couch.uasset" 192
"../../../vrWTrigo8/Content/StarterContent/Materials/M_Glass.uasset" 193
"../../../vrWTrigo8/Content/StarterContent/Textures/T_Door_M.uasset" 194
"../../../vrWTrigo8/Content/StarterContent/Textures/T_Door_N.uasset" 195
"../../../vrWTrigo8/Content/StarterContent/Props/Materials/M_Door.uasset" 196
"../../../vrWTrigo8/Content/StarterContent/Props/SM_Door.uasset" 197
"../../../vrWTrigo8/Content/StarterContent/Props/Materials/M_MaterialSphere.uasset" 198
"../../../vrWTrigo8/Content/StarterContent/Props/Materials/M_MaterialSphere_Plain.uasset" 199
"../../../vrWTrigo8/Content/StarterContent/Props/SM_MatPreviewMesh_02.uasset" 200
"../../../Engine/Content/Functions/Engine_MaterialFunctions02/Utility/BlendAngleCorrectedNormals.uasset" 201
"../../../vrWTrigo8/Content/StarterContent/Textures/T_Detail_Rocky_N.uasset" 202
"../../../vrWTrigo8/Content/StarterContent/Textures/T_Rock_Basalt_D.uasset" 203
"../../../vrWTrigo8/Content/StarterContent/Textures/T_RockMesh_M.uasset" 204
"../../../vrWTrigo8/Content/StarterContent/Textures/T_RockMesh_N.uasset" 205
"../../../vrWTrigo8/Content/StarterContent/Props/Materials/M_Rock.uasset" 206
"../../../vrWTrigo8/Content/StarterContent/Props/SM_Rock.uasset" 207
"../../../vrWTrigo8/Content/StarterContent/Textures/T_Shelf_M.uasset" 208
"../../../vrWTrigo8/Content/StarterContent/Textures/T_Shelf_N.uasset" 209
"../../../vrWTrigo8/Content/StarterContent/Props/Materials/M_Shelf.uasset" 210
"../../../vrWTrigo8/Content/StarterContent/Props/SM_Shelf.uasset" 211
"../../../vrWTrigo8/Content/StarterContent/Materials/M_Basic_Floor.uasset" 212
"../../../vrWTrigo8/Content/StarterContent/Props/SM_Stairs.uasset" 213
"../../../vrWTrigo8/Content/StarterContent/Shapes/Shape_Cone.uasset" 214
"../../../vrWTrigo8/Content/StarterContent/Shapes/Shape_Cylinder.uasset" 215
"../../../vrWTrigo8/Content/StarterContent/Shapes/Shape_NarrowCapsule.uasset" 216
"../../../vrWTrigo8/Content/StarterContent/Shapes/Shape_Pipe.uasset" 217
"../../../vrWTrigo8/Content/StarterContent/Shapes/Shape_Pipe_180.uasset" 218
"../../../vrWTrigo8/Content/StarterContent/Shapes/Shape_Pipe_90.uasset" 219
"../../../vrWTrigo8/Content/StarterContent/Shapes/Shape_Plane.uasset" 220
"../../../vrWTrigo8/Content/StarterContent/Shapes/Shape_Torus.uasset" 221
"../../../vrWTrigo8/Content/StarterContent/Shapes/Shape_Trim.uasset" 222
"../../../vrWTrigo8/Content/StarterContent/Shapes/Shape_Trim_90_In.uasset" 223
"../../../vrWTrigo8/Content/StarterContent/Shapes/Shape_Trim_90_Out.uasset" 224
"../../../vrWTrigo8/Content/StarterContent/Shapes/Shape_TriPyramid.uasset" 225
"../../../vrWTrigo8/Content/StarterContent/Shapes/Shape_Tube.uasset" 226
"../../../vrWTrigo8/Content/StarterContent/Shapes/Shape_Wedge_A.uasset" 227
"../../../vrWTrigo8/Content/StarterContent/Shapes/Shape_Wedge_B.uasset" 228
"../../../vrWTrigo8/Content/StarterContent/Shapes/Shape_WideCapsule.uasset" 229
"../../../vrWTrigo8/Content/VirtualRealityBP/Material.uasset" 230
"../../../vrWTrigo8/Content/VirtualReality/Materials/M_BaseMaterial.uasset" 231
"../../../vrWTrigo8/Content/VirtualReality/Materials/MI_SmallCubes.uasset" 232
"../../../vrWTrigo8/Content/StarterContent/Shapes/Shape_QuadPyramid.uasset" 233
"../../../vrWTrigo8/Content/VirtualRealityBP/Blueprints/BP_PickupSeg.uasset" 234
"../../../Engine/Content/EditorResources/LightIcons/S_LightError.uasset" 235
"../../../Engine/Content/EditorResources/AudioIcons/S_AudioComponent.uasset" 236
"../../../Engine/Content/EditorResources/AudioIcons/S_AudioComponent_AutoActivate.uasset" 237
"../../../Engine/Content/EditorResources/EmptyActor.uasset" 238
"../../../Engine/Content/MobileResources/T_MobileControls_texture.uasset" 239
"../../../Engine/Content/MobileResources/T_MobileMenu2.uasset" 240
"../../../Engine/Content/MobileResources/HUD/AnalogHat.uasset" 241
"../../../Engine/Content/EditorMaterials/PreviewShadowIndicator.uasset" 242
"../../../Engine/Content/EditorMaterials/PreviewShadowIndicatorMaterial.uasset" 243
"../../../Engine/Content/EditorResources/BSPVertex.uasset" 244
"../../../Engine/Content/EngineDebugMaterials/HeatmapGradient.uasset" 245
"../../../Engine/Content/EngineDebugMaterials/BoneWeightMaterial.uasset" 246
"../../../Engine/Content/EngineDebugMaterials/GeomMaterial.uasset" 247
"../../../Engine/Content/EngineMaterials/EditorBrushMaterial.uasset" 248
"../../../Engine/Content/MobileResources/HUD/LeftVirtualJoystickOnly.uasset" 249
"../../../Engine/Content/MobileResources/HUD/MobileHUDButton1_off.uasset" 250
"../../../Engine/Content/MobileResources/HUD/MobileHUDButton1_on.uasset" 251
"../../../Engine/Content/MobileResources/HUD/MobileHUDButton2_off.uasset" 252
"../../../Engine/Content/MobileResources/HUD/MobileHUDButton2_on.uasset" 253
"../../../Engine/Content/MobileResources/HUD/MobileHUDButton3.uasset" 254
"../../../Engine/Content/MobileResources/HUD/MobileHUDDirectionPad.uasset" 255
"../../../Engine/Content/MobileResources/HUD/MobileHUDDirectionPad2.uasset" 256
"../../../Engine/Content/MobileResources/HUD/MobileHUDDirectionPad3.uasset" 257
"../../../Engine/Content/MobileResources/HUD/T_Castle_ThumbstickInner.uasset" 258
"../../../Engine/Content/Tutorial/BlueprintTutorials/TutorialAssets/BlueprintMacroLibrary_64x.uasset" 259
"../../../Engine/Content/Tutorial/BlueprintTutorials/BlueprintMacroLibrariesEditorOverview.uasset" 260
"../../../Engine/Content/Tutorial/BlueprintTutorials/LevelBlueprintEditorOverview.uasset" 261
"../../../Engine/Content/Tutorial/Foliage/TutorialAssets/Foliage.uasset" 262
"../../../Engine/Content/Tutorial/Foliage/Foliage_Intro_Tutorial.uasset" 263
"../../../Engine/Content/Tutorial/Paper2D/TutorialAssets/Paper2DFlipbook_TutorialIcon.uasset" 264
"../../../Engine/Content/Tutorial/Paper2D/FlipbookEditorTutorial.uasset" 265
"../../../Engine/Content/Tutorial/Paper2D/TutorialAssets/Paper2DSprite_TutorialIcon.uasset" 266
"../../../Engine/Content/Tutorial/Paper2D/SpriteEditorTutorial.uasset" 267
"../../../Engine/Content/Tutorial/SubEditors/DestructibleMeshEditorTutorial.uasset" 268
"../../../Engine/Content/Tutorial/SubEditors/MaterialEditorTutorial.uasset" 269
"../../../Engine/Content/Tutorial/SubEditors/ParticleSystemEditorTutorial.uasset" 270
"../../../Engine/Content/Tutorial/SubEditors/TutorialAssets/icon_ShowSkeletalMeshes_40x.uasset" 271
"../../../Engine/Content/Tutorial/SubEditors/PersonaAnimEditorWalkthrough.uasset" 272
"../../../Engine/Content/Tutorial/SubEditors/TutorialAssets/icon_Editor_Preferences_General_40x.uasset" 273
"../../../Engine/Content/EngineSky/C_Sky_Cloud_Color.uasset" 274
"../../../Engine/Content/EngineSky/C_Sky_Horizon_Color.uasset" 275
"../../../Engine/Content/EngineSky/C_Sky_Zenith_Color.uasset" 276
"../../../Engine/Content/EngineSky/T_Sky_Blue.uasset" 277
"../../../Engine/Content/EngineSky/T_Sky_Clouds_M.uasset" 278
"../../../Engine/Content/EngineSky/T_Sky_Stars.uasset" 279
"../../../Engine/Content/EngineSky/M_Sky_Panning_Clouds2.uasset" 280
"../../../Engine/Content/EngineSky/SM_SkySphere.uasset" 281
"../../../Engine/Content/EngineSky/BP_Sky_Sphere.uasset" 282
"../../../vrWTrigo8/Content/StarterContent/Textures/T_MacroVariation.uasset" 283
"../../../vrWTrigo8/Content/StarterContent/Materials/M_Metal_Brushed_Nickel.uasset" 284
"../../../vrWTrigo8/Content/StarterContent/Textures/T_Metal_Aluminum_D.uasset" 285
"../../../vrWTrigo8/Content/StarterContent/Textures/T_Metal_Gold_N.uasset" 286
"../../../vrWTrigo8/Content/StarterContent/Materials/M_Metal_Burnished_Steel.uasset" 287
"../../../vrWTrigo8/Content/StarterContent/Textures/T_Metal_Copper_D.uasset" 288
"../../../vrWTrigo8/Content/StarterContent/Materials/M_Metal_Copper.uasset" 289
"../../../vrWTrigo8/Content/StarterContent/Textures/T_Statue_M.uasset" 290
"../../../vrWTrigo8/Content/StarterContent/Textures/T_Statue_N.uasset" 291
"../../../vrWTrigo8/Content/StarterContent/Props/Materials/M_StatueGlass.uasset" 292
"../../../vrWTrigo8/Content/StarterContent/Architecture/Floor_400x400.uasset" 293
"../../../vrWTrigo8/Content/StarterContent/Audio/Starter_Background_Cue.uasset" 294
"../../../vrWTrigo8/Content/StarterContent/Props/SM_Chair.uasset" 295
"../../../vrWTrigo8/Content/StarterContent/Props/Materials/M_Statue.uasset" 296
"../../../vrWTrigo8/Content/StarterContent/Props/SM_Statue.uasset" 297
"../../../vrWTrigo8/Content/StarterContent/Textures/T_TableRound_M.uasset" 298
"../../../vrWTrigo8/Content/StarterContent/Textures/T_TableRound_N.uasset" 299
"../../../vrWTrigo8/Content/StarterContent/Props/Materials/M_TableRound.uasset" 300
"../../../vrWTrigo8/Content/StarterContent/Props/SM_TableRound.uasset" 301
"../../../vrWTrigo8/Content/StarterContent/Maps/Minimal_Default.umap" 302
"../../../vrWTrigo8/Content/StarterContent/Audio/Fire01_Cue.uasset" 303
"../../../vrWTrigo8/Content/StarterContent/Textures/T_Fire_SubUV.uasset" 304
"../../../vrWTrigo8/Content/StarterContent/Textures/T_Fire_Tiled_D.uasset" 305
"../../../vrWTrigo8/Content/StarterContent/Particles/Materials/M_Fire_SubUV.uasset" 306
"../../../vrWTrigo8/Content/StarterContent/Textures/T_Water_N.uasset" 307
"../../../vrWTrigo8/Content/StarterContent/Particles/Materials/M_Heat_Distortion.uasset" 308
"../../../vrWTrigo8/Content/StarterContent/Particles/Materials/M_Radial_Gradient.uasset" 309
"../../../vrWTrigo8/Content/StarterContent/Particles/P_Fire.uasset" 310
"../../../vrWTrigo8/Content/StarterContent/Blueprints/Blueprint_Effect_Fire.uasset" 311
"../../../vrWTrigo8/Content/StarterContent/Audio/Smoke01_Cue.uasset" 312
"../../../vrWTrigo8/Content/StarterContent/Particles/P_Smoke.uasset" 313
"../../../vrWTrigo8/Content/StarterContent/Blueprints/Blueprint_Effect_Smoke.uasset" 314
"../../../vrWTrigo8/Content/StarterContent/Audio/Fire_Sparks01_Cue.uasset" 315
"../../../vrWTrigo8/Content/StarterContent/Textures/T_Spark_Core.uasset" 316
"../../../vrWTrigo8/Content/StarterContent/Particles/Materials/M_Spark.uasset" 317
"../../../vrWTrigo8/Content/StarterContent/Particles/P_Sparks.uasset" 318
"../../../vrWTrigo8/Content/StarterContent/Blueprints/Blueprint_Effect_Sparks.uasset" 319
"../../../vrWTrigo8/Content/StarterContent/Audio/Steam01_Cue.uasset" 320
"../../../vrWTrigo8/Content/StarterContent/Particles/P_Steam_Lit.uasset" 321
"../../../vrWTrigo8/Content/StarterContent/Blueprints/Blueprint_Effect_Steam.uasset" 322
"../../../vrWTrigo8/Content/StarterContent/Textures/T_Lamp_M.uasset" 323
"../../../vrWTrigo8/Content/StarterContent/Textures/T_Lamp_N.uasset" 324
"../../../vrWTrigo8/Content/StarterContent/Props/Materials/M_Lamp.uasset" 325
"../../../vrWTrigo8/Content/StarterContent/Props/SM_Lamp_Ceiling.uasset" 326
"../../../vrWTrigo8/Content/StarterContent/Blueprints/Blueprint_CeilingLight.uasset" 327
"../../../vrWTrigo8/Content/StarterContent/Props/SM_Lamp_Wall.uasset" 328
"../../../vrWTrigo8/Content/StarterContent/Blueprints/Blueprint_WallSconce.uasset" 329
"../../../Engine/Content/Functions/Engine_MaterialFunctions03/Procedurals/ComputeFilterWidth.uasset" 330
"../../../Engine/Content/EngineMaterials/AntiAliasedTextMaterialTranslucent.uasset" 331
"../../../vrWTrigo8/Content/StarterContent/Textures/T_Brick_Clay_Beveled_D.uasset" 332
"../../../vrWTrigo8/Content/StarterContent/Textures/T_Brick_Clay_Beveled_M.uasset" 333
"../../../vrWTrigo8/Content/StarterContent/Textures/T_Brick_Clay_Beveled_N.uasset" 334
"../../../vrWTrigo8/Content/StarterContent/Materials/M_Brick_Clay_Beveled.uasset" 335
"../../../vrWTrigo8/Content/StarterContent/Textures/T_Brick_Clay_New_D.uasset" 336
"../../../vrWTrigo8/Content/StarterContent/Textures/T_Brick_Clay_New_M.uasset" 337
"../../../vrWTrigo8/Content/StarterContent/Textures/T_Brick_Clay_New_N.uasset" 338
"../../../vrWTrigo8/Content/StarterContent/Materials/M_Brick_Clay_New.uasset" 339
"../../../vrWTrigo8/Content/StarterContent/Textures/T_Brick_Clay_Old_D.uasset" 340
"../../../vrWTrigo8/Content/StarterContent/Textures/T_Brick_Clay_Old_N.uasset" 341
"../../../vrWTrigo8/Content/StarterContent/Textures/T_Perlin_Noise_M.uasset" 342
"../../../vrWTrigo8/Content/StarterContent/Materials/M_Brick_Clay_Old.uasset" 343
"../../../vrWTrigo8/Content/StarterContent/Textures/T_Brick_Cut_Stone_D.uasset" 344
"../../../vrWTrigo8/Content/StarterContent/Textures/T_Brick_Cut_Stone_N.uasset" 345
"../../../vrWTrigo8/Content/StarterContent/Materials/M_Brick_Cut_Stone.uasset" 346
"../../../vrWTrigo8/Content/StarterContent/Textures/T_Brick_Hewn_Stone_D.uasset" 347
"../../../vrWTrigo8/Content/StarterContent/Textures/T_Brick_Hewn_Stone_M.uasset" 348
"../../../vrWTrigo8/Content/StarterContent/Textures/T_Brick_Hewn_Stone_N.uasset" 349
"../../../vrWTrigo8/Content/StarterContent/Materials/M_Brick_Hewn_Stone.uasset" 350
"../../../vrWTrigo8/Content/StarterContent/Textures/T_Ceramic_Tile_M.uasset" 351
"../../../vrWTrigo8/Content/StarterContent/Textures/T_Ceramic_Tile_N.uasset" 352
"../../../vrWTrigo8/Content/StarterContent/Textures/T_Rock_Marble_Polished_D.uasset" 353
"../../../vrWTrigo8/Content/StarterContent/Materials/M_Ceramic_Tile_Checker.uasset" 354
"../../../vrWTrigo8/Content/StarterContent/Textures/T_CobbleStone_Pebble_D.uasset" 355
"../../../vrWTrigo8/Content/StarterContent/Textures/T_CobbleStone_Pebble_M.uasset" 356
"../../../vrWTrigo8/Content/StarterContent/Textures/T_CobbleStone_Pebble_N.uasset" 357
"../../../vrWTrigo8/Content/StarterContent/Materials/M_CobbleStone_Pebble.uasset" 358
"../../../vrWTrigo8/Content/StarterContent/Textures/T_CobbleStone_Rough_D.uasset" 359
"../../../vrWTrigo8/Content/StarterContent/Textures/T_CobbleStone_Rough_N.uasset" 360
"../../../vrWTrigo8/Content/StarterContent/Textures/T_Gradinet_01.uasset" 361
"../../../vrWTrigo8/Content/StarterContent/Textures/T_Rock_Smooth_Granite_D.uasset" 362
"../../../vrWTrigo8/Content/StarterContent/Materials/M_CobbleStone_Rough.uasset" 363
"../../../vrWTrigo8/Content/StarterContent/Textures/T_CobbleStone_Smooth_D.uasset" 364
"../../../vrWTrigo8/Content/StarterContent/Textures/T_CobbleStone_Smooth_M.uasset" 365
"../../../vrWTrigo8/Content/StarterContent/Textures/T_CobbleStone_Smooth_N.uasset" 366
"../../../vrWTrigo8/Content/StarterContent/Materials/M_CobbleStone_Smooth.uasset" 367
"../../../vrWTrigo8/Content/StarterContent/Textures/T_Concrete_Grime_D.uasset" 368
"../../../vrWTrigo8/Content/StarterContent/Textures/T_Metal_Rust_N.uasset" 369
"../../../vrWTrigo8/Content/StarterContent/Materials/M_Concrete_Grime.uasset" 370
"../../../vrWTrigo8/Content/StarterContent/Textures/T_Concrete_Panels_D.uasset" 371
"../../../vrWTrigo8/Content/StarterContent/Textures/T_Concrete_Panels_N.uasset" 372
"../../../vrWTrigo8/Content/StarterContent/Materials/M_Concrete_Panels.uasset" 373
"../../../vrWTrigo8/Content/StarterContent/Textures/T_Concrete_Poured_D.uasset" 374
"../../../vrWTrigo8/Content/StarterContent/Textures/T_Concrete_Poured_N.uasset" 375
"../../../vrWTrigo8/Content/StarterContent/Materials/M_Concrete_Poured.uasset" 376
"../../../vrWTrigo8/Content/StarterContent/Textures/T_Concrete_Tiles_D.uasset" 377
"../../../vrWTrigo8/Content/StarterContent/Textures/T_Concrete_Tiles_M.uasset" 378
"../../../vrWTrigo8/Content/StarterContent/Textures/T_Concrete_Tiles_N.uasset" 379
"../../../vrWTrigo8/Content/StarterContent/Textures/T_Concrete_Tiles_Variation_M.uasset" 380
"../../../vrWTrigo8/Content/StarterContent/Materials/M_Concrete_Tiles.uasset" 381
"../../../vrWTrigo8/Content/StarterContent/Textures/T_Ground_Grass_D.uasset" 382
"../../../vrWTrigo8/Content/StarterContent/Textures/T_Ground_Grass_N.uasset" 383
"../../../vrWTrigo8/Content/StarterContent/Materials/M_Ground_Grass.uasset" 384
"../../../vrWTrigo8/Content/StarterContent/Textures/T_Ground_Gravel_D.uasset" 385
"../../../vrWTrigo8/Content/StarterContent/Textures/T_Ground_Gravel_N.uasset" 386
"../../../vrWTrigo8/Content/StarterContent/Materials/M_Ground_Gravel.uasset" 387
"../../../vrWTrigo8/Content/StarterContent/Textures/T_ground_Moss_D.uasset" 388
"../../../vrWTrigo8/Content/StarterContent/Textures/T_Ground_Moss_N.uasset" 389
"../../../vrWTrigo8/Content/StarterContent/Materials/M_Ground_Moss.uasset" 390
"../../../vrWTrigo8/Content/StarterContent/Materials/M_Metal_Chrome.uasset" 391
"../../../vrWTrigo8/Content/StarterContent/Textures/T_Metal_Gold_D.uasset" 392
"../../../vrWTrigo8/Content/StarterContent/Materials/M_Metal_Gold.uasset" 393
"../../../vrWTrigo8/Content/StarterContent/Textures/T_Metal_Rust_D.uasset" 394
"../../../vrWTrigo8/Content/StarterContent/Materials/M_Metal_Rust.uasset" 395
"../../../vrWTrigo8/Content/StarterContent/Textures/T_Metal_Steel_D.uasset" 396
"../../../vrWTrigo8/Content/StarterContent/Textures/T_Metal_Steel_N.uasset" 397
"../../../vrWTrigo8/Content/StarterContent/Materials/M_Metal_Steel.uasset" 398
"../../../vrWTrigo8/Content/StarterContent/Textures/T_Rock_Basalt_N.uasset" 399
"../../../vrWTrigo8/Content/StarterContent/Materials/M_Rock_Basalt.uasset" 400
"../../../vrWTrigo8/Content/StarterContent/Materials/M_Rock_Marble_Polished.uasset" 401
"../../../vrWTrigo8/Content/StarterContent/Textures/T_Rock_Sandstone_D.uasset" 402
"../../../vrWTrigo8/Content/StarterContent/Textures/T_Rock_Sandstone_N.uasset" 403
"../../../vrWTrigo8/Content/StarterContent/Materials/M_Rock_Sandstone.uasset" 404
"../../../vrWTrigo8/Content/StarterContent/Textures/T_Rock_Slate_D.uasset" 405
"../../../vrWTrigo8/Content/StarterContent/Textures/T_Rock_Slate_N.uasset" 406
"../../../vrWTrigo8/Content/StarterContent/Materials/M_Rock_Slate.uasset" 407
"../../../vrWTrigo8/Content/StarterContent/Textures/T_Checker_Noise_M.uasset" 408
"../../../vrWTrigo8/Content/StarterContent/Textures/T_Single_Tile_N.uasset" 409
"../../../vrWTrigo8/Content/StarterContent/Textures/T_Tech_Dot_M.uasset" 410
"../../../vrWTrigo8/Content/StarterContent/Textures/T_Tech_Dot_N.uasset" 411
"../../../vrWTrigo8/Content/StarterContent/Materials/M_Tech_Checker_Dot.uasset" 412
"../../../vrWTrigo8/Content/StarterContent/Textures/T_Tech_Hex_Tile_M.uasset" 413
"../../../vrWTrigo8/Content/StarterContent/Textures/T_Tech_Hex_Tile_N.uasset" 414
"../../../vrWTrigo8/Content/StarterContent/Materials/M_Tech_Hex_Tile.uasset" 415
"../../../vrWTrigo8/Content/StarterContent/Materials/M_Tech_Hex_Tile_Pulse.uasset" 416
"../../../vrWTrigo8/Content/StarterContent/Textures/T_Tech_Panel_M.uasset" 417
"../../../vrWTrigo8/Content/StarterContent/Textures/T_Tech_Panel_N.uasset" 418
"../../../vrWTrigo8/Content/StarterContent/Materials/M_Tech_Panel.uasset" 419
"../../../vrWTrigo8/Content/StarterContent/Materials/M_Water_Lake.uasset" 420
"../../../vrWTrigo8/Content/StarterContent/Textures/T_Water_M.uasset" 421
"../../../vrWTrigo8/Content/StarterContent/Materials/M_Water_Ocean.uasset" 422
"../../../vrWTrigo8/Content/StarterContent/Textures/T_Wood_Floor_Walnut_D.uasset" 423
"../../../vrWTrigo8/Content/StarterContent/Textures/T_Wood_Floor_Walnut_M.uasset" 424
"../../../vrWTrigo8/Content/StarterContent/Textures/T_Wood_Floor_Walnut_N.uasset" 425
"../../../vrWTrigo8/Content/StarterContent/Materials/M_Wood_Floor_Walnut_Polished.uasset" 426
"../../../Engine/Content/Functions/Engine_MaterialFunctions01/Opacity/AlphaOffset.uasset" 427
"../../../vrWTrigo8/Content/StarterContent/Materials/M_Wood_Floor_Walnut_Worn.uasset" 428
"../../../vrWTrigo8/Content/StarterContent/Textures/T_Wood_Oak_D.uasset" 429
"../../../vrWTrigo8/Content/StarterContent/Textures/T_Wood_Oak_N.uasset" 430
"../../../vrWTrigo8/Content/StarterContent/Materials/M_Wood_Oak.uasset" 431
"../../../vrWTrigo8/Content/StarterContent/Textures/T_Wood_Pine_D.uasset" 432
"../../../vrWTrigo8/Content/StarterContent/Textures/T_Wood_Pine_N.uasset" 433
"../../../vrWTrigo8/Content/StarterContent/Materials/M_Wood_Pine.uasset" 434
"../../../vrWTrigo8/Content/StarterContent/Textures/T_Wood_Walnut_D.uasset" 435
"../../../vrWTrigo8/Content/StarterContent/Textures/T_Wood_Walnut_N.uasset" 436
"../../../vrWTrigo8/Content/StarterContent/Materials/M_Wood_Walnut.uasset" 437
"../../../vrWTrigo8/Content/StarterContent/Architecture/Wall_400x200.uasset" 438
"../../../vrWTrigo8/Content/StarterContent/Architecture/Wall_Door_400x300.uasset" 439
"../../../vrWTrigo8/Content/StarterContent/Architecture/Wall_Window_400x300.uasset" 440
"../../../vrWTrigo8/Content/StarterContent/Audio/Collapse_Cue.uasset" 441
"../../../vrWTrigo8/Content/StarterContent/Audio/Starter_Music_Cue.uasset" 442
"../../../vrWTrigo8/Content/StarterContent/Textures/T_Dust_Particle_D.uasset" 443
"../../../vrWTrigo8/Content/StarterContent/Particles/Materials/M_Dust_Particle.uasset" 444
"../../../vrWTrigo8/Content/StarterContent/Particles/P_Ambient_Dust.uasset" 445
"../../../vrWTrigo8/Content/StarterContent/Props/MaterialSphere.uasset" 446
"../../../vrWTrigo8/Content/StarterContent/Textures/T_Frame_M.uasset" 447
"../../../vrWTrigo8/Content/StarterContent/Textures/T_Frame_N.uasset" 448
"../../../vrWTrigo8/Content/StarterContent/Props/Materials/M_Frame.uasset" 449
"../../../vrWTrigo8/Content/StarterContent/Props/SM_CornerFrame.uasset" 450
"../../../vrWTrigo8/Content/StarterContent/Props/SM_DoorFrame.uasset" 451
"../../../vrWTrigo8/Content/StarterContent/Props/SM_GlassWindow.uasset" 452
"../../../vrWTrigo8/Content/StarterContent/Props/SM_PillarFrame.uasset" 453
"../../../vrWTrigo8/Content/StarterContent/Props/SM_PillarFrame300.uasset" 454
"../../../vrWTrigo8/Content/StarterContent/Props/SM_WindowFrame.uasset" 455
"../../../vrWTrigo8/Content/StarterContent/Shapes/Shape_Cube.uasset" 456
"../../../vrWTrigo8/Content/StarterContent/Shapes/Shape_Sphere.uasset" 457
"../../../vrWTrigo8/Content/StarterContent/Maps/StarterMap.umap" 458
"../../../Engine/Content/Functions/Engine_MaterialFunctions02/Utility/CameraDirectionVector.uasset" 459
"../../../Engine/Content/Functions/Engine_MaterialFunctions02/Utility/DepthFromWorldPosition.uasset" 460
"../../../vrWTrigo8/Content/VirtualReality/Materials/MF_OccludedPixels.uasset" 461
"../../../vrWTrigo8/Content/VirtualReality/Materials/TeleportMCP.uasset" 462
"../../../Engine/Content/EngineMaterials/Good64x64TilingNoiseHighFreq.uasset" 463
"../../../vrWTrigo8/Content/VirtualReality/Materials/M_ArcEndpoint.uasset" 464
"../../../vrWTrigo8/Content/VirtualReality/Materials/M_TeleportPreviews.uasset" 465
"../../../vrWTrigo8/Content/VirtualReality/Materials/MI_TeleportCylinderPreview.uasset" 466
"../../../Engine/Content/BasicShapes/Cylinder.uasset" 467
"../../../vrWTrigo8/Content/VirtualReality/Meshes/BeaconDirection.uasset" 468
"../../../vrWTrigo8/Content/VirtualReality/Meshes/SM_FatCylinder.uasset" 469
"../../../vrWTrigo8/Content/VirtualRealityBP/Blueprints/HMDLocomotionPawn.uasset" 470
"../../../vrWTrigo8/Content/VirtualRealityBP/blender_animtest.uasset" 471
"../../../vrWTrigo8/Content/VirtualRealityBP/Maps/HMDLocomotionMap.umap" 472
"../../../vrWTrigo8/Content/VirtualReality/Materials/MI_ChaperoneOutline.uasset" 473
"../../../Engine/Content/MapTemplates/Sky/DaylightAmbientCubemap.uasset" 474
"../../../Engine/Content/VREditor/Devices/Generic/GenericHMDMaterial.uasset" 475
"../../../Engine/Content/VREditor/Devices/Generic/GenericHMD.uasset" 476
"../../../vrWTrigo8/Content/VirtualReality/Mannequin/Character/Textures/UE4_Mannequin__normals.uasset" 477
"../../../vrWTrigo8/Content/VirtualReality/Mannequin/Character/Textures/UE4_Mannequin_MAT_MASKA.uasset" 478
"../../../vrWTrigo8/Content/VirtualReality/Mannequin/Character/Materials/M_HandMat.uasset" 479
"../../../vrWTrigo8/Content/VirtualReality/Mannequin/Character/Mesh/MannequinHand_Right_PhysicsAsset.uasset" 480
"../../../vrWTrigo8/Content/VirtualReality/Mannequin/Character/Mesh/MannequinHand_Right_Skeleton.uasset" 481
"../../../vrWTrigo8/Content/VirtualReality/Mannequin/Character/Mesh/MannequinHand_Right.uasset" 482
"../../../vrWTrigo8/Content/VirtualReality/Meshes/1x1_cube.uasset" 483
"../../../vrWTrigo8/Content/VirtualRealityBP/Maps/StartupMap.umap" 484
"../../../Engine/Content/EngineMaterials/DefaultNormal.uasset" 485
"../../../Engine/Content/Maps/Entry.umap" 486
"../../../vrWTrigo8/Content/Blueprints/1BPCube2_Child.uasset" 487
"../../../vrWTrigo8/Content/BlueprintsTrig_a5/aTrig00.uasset" 488
"../../../vrWTrigo8/Content/BlueprintsTrig_a5/aTrig_Child01.uasset" 489
"../../../vrWTrigo8/Content/Geometry/Trigonopterus_a5/atrig5_02abdomen_3.uasset" 490
"../../../vrWTrigo8/Content/BlueprintsTrig_a5/aTrig_Child02.uasset" 491
"../../../vrWTrigo8/Content/Geometry/Trigonopterus_a5/atrig5_03abdomen_4.uasset" 492
"../../../vrWTrigo8/Content/BlueprintsTrig_a5/aTrig_Child03.uasset" 493
"../../../vrWTrigo8/Content/Geometry/Trigonopterus_a5/atrig5_04abdomen_5.uasset" 494
"../../../vrWTrigo8/Content/BlueprintsTrig_a5/aTrig_Child04.uasset" 495
"../../../vrWTrigo8/Content/Geometry/Trigonopterus_a5/orange2.uasset" 496
"../../../vrWTrigo8/Content/Geometry/Trigonopterus_a5/atrig5_05eyes.uasset" 497
"../../../vrWTrigo8/Content/BlueprintsTrig_a5/aTrig_Child05.uasset" 498
"../../../vrWTrigo8/Content/Geometry/Trigonopterus_a5/gelb.uasset" 499
"../../../vrWTrigo8/Content/Geometry/Trigonopterus_a5/atrig5_06head_capsu.uasset" 500
"../../../vrWTrigo8/Content/BlueprintsTrig_a5/aTrig_Child06.uasset" 501
"../../../vrWTrigo8/Content/Geometry/Trigonopterus_a5/gr_n.uasset" 502
"../../../vrWTrigo8/Content/Geometry/Trigonopterus_a5/atrig5_07left_flage.uasset" 503
"../../../vrWTrigo8/Content/BlueprintsTrig_a5/aTrig_Child07.uasset" 504
"../../../vrWTrigo8/Content/Geometry/Trigonopterus_a5/violett.uasset" 505
"../../../vrWTrigo8/Content/Geometry/Trigonopterus_a5/atrig5_08left_mes40.uasset" 506
"../../../vrWTrigo8/Content/BlueprintsTrig_a5/aTrig_Child08.uasset" 507
"../../../vrWTrigo8/Content/Geometry/Trigonopterus_a5/atrig5_09left_mes41.uasset" 508
"../../../vrWTrigo8/Content/BlueprintsTrig_a5/aTrig_Child09.uasset" 509
"../../../vrWTrigo8/Content/Geometry/Trigonopterus_a5/atrig5_10left_mes42.uasset" 510
"../../../vrWTrigo8/Content/BlueprintsTrig_a5/aTrig_Child10.uasset" 511
"../../../vrWTrigo8/Content/Geometry/Trigonopterus_a5/atrig5_11left_mes43.uasset" 512
"../../../vrWTrigo8/Content/BlueprintsTrig_a5/aTrig_Child11.uasset" 513
"../../../vrWTrigo8/Content/Geometry/Trigonopterus_a5/atrig5_12left_mes45.uasset" 514
"../../../vrWTrigo8/Content/BlueprintsTrig_a5/aTrig_Child12.uasset" 515
"../../../vrWTrigo8/Content/Geometry/Trigonopterus_a5/orange.uasset" 516
"../../../vrWTrigo8/Content/Geometry/Trigonopterus_a5/atrig5_13left_mes46.uasset" 517
"../../../vrWTrigo8/Content/BlueprintsTrig_a5/aTrig_Child13.uasset" 518
"../../../vrWTrigo8/Content/Geometry/Trigonopterus_a5/atrig5_14left_mes47.uasset" 519
"../../../vrWTrigo8/Content/BlueprintsTrig_a5/aTrig_Child14.uasset" 520
"../../../vrWTrigo8/Content/Geometry/Trigonopterus_a5/atrig5_15left_mesoc.uasset" 521
"../../../vrWTrigo8/Content/BlueprintsTrig_a5/aTrig_Child15.uasset" 522
"../../../vrWTrigo8/Content/Geometry/Trigonopterus_a5/rot.uasset" 523
"../../../vrWTrigo8/Content/Geometry/Trigonopterus_a5/atrig5_16left_mesof.uasset" 524
"../../../vrWTrigo8/Content/BlueprintsTrig_a5/aTrig_Child16.uasset" 525
"../../../vrWTrigo8/Content/Geometry/Trigonopterus_a5/atrig5_17left_mesop.uasset" 526
"../../../vrWTrigo8/Content/BlueprintsTrig_a5/aTrig_Child17.uasset" 527
"../../../vrWTrigo8/Content/Geometry/Trigonopterus_a5/violett1.uasset" 528
"../../../vrWTrigo8/Content/Geometry/Trigonopterus_a5/atrig5_18left_met79.uasset" 529
"../../../vrWTrigo8/Content/BlueprintsTrig_a5/aTrig_Child18.uasset" 530
"../../../vrWTrigo8/Content/Geometry/Trigonopterus_a5/atrig5_19left_met80.uasset" 531
"../../../vrWTrigo8/Content/BlueprintsTrig_a5/aTrig_Child19.uasset" 532
"../../../vrWTrigo8/Content/Geometry/Trigonopterus_a5/atrig5_20left_met81.uasset" 533
"../../../vrWTrigo8/Content/BlueprintsTrig_a5/aTrig_Child20.uasset" 534
"../../../vrWTrigo8/Content/Geometry/Trigonopterus_a5/atrig5_21left_met82.uasset" 535
"../../../vrWTrigo8/Content/BlueprintsTrig_a5/aTrig_Child21.uasset" 536
"../../../vrWTrigo8/Content/Geometry/Trigonopterus_a5/atrig5_22left_met84.uasset" 537
"../../../vrWTrigo8/Content/BlueprintsTrig_a5/aTrig_Child22.uasset" 538
"../../../vrWTrigo8/Content/Geometry/Trigonopterus_a5/orange1.uasset" 539
"../../../vrWTrigo8/Content/Geometry/Trigonopterus_a5/atrig5_23left_met85.uasset" 540
"../../../vrWTrigo8/Content/BlueprintsTrig_a5/aTrig_Child23.uasset" 541
"../../../vrWTrigo8/Content/Geometry/Trigonopterus_a5/rot1.uasset" 542
"../../../vrWTrigo8/Content/Geometry/Trigonopterus_a5/atrig5_24left_met86.uasset" 543
"../../../vrWTrigo8/Content/BlueprintsTrig_a5/aTrig_Child24.uasset" 544
"../../../vrWTrigo8/Content/Geometry/Trigonopterus_a5/gelb1.uasset" 545
"../../../vrWTrigo8/Content/Geometry/Trigonopterus_a5/atrig5_25left_met87.uasset" 546
"../../../vrWTrigo8/Content/BlueprintsTrig_a5/aTrig_Child25.uasset" 547
"../../../vrWTrigo8/Content/Geometry/Trigonopterus_a5/gr_n1.uasset" 548
"../../../vrWTrigo8/Content/Geometry/Trigonopterus_a5/atrig5_26left_metac.uasset" 549
"../../../vrWTrigo8/Content/BlueprintsTrig_a5/aTrig_Child26.uasset" 550
"../../../vrWTrigo8/Content/Geometry/Trigonopterus_a5/atrig5_27left_metap.uasset" 551
"../../../vrWTrigo8/Content/BlueprintsTrig_a5/aTrig_Child27.uasset" 552
"../../../vrWTrigo8/Content/Geometry/Trigonopterus_a5/atrig5_28left_pedic.uasset" 553
"../../../vrWTrigo8/Content/BlueprintsTrig_a5/aTrig_Child28.uasset" 554
"../../../vrWTrigo8/Content/Geometry/Trigonopterus_a5/atrig5_29left_pro18.uasset" 555
"../../../vrWTrigo8/Content/BlueprintsTrig_a5/aTrig_Child29.uasset" 556
"../../../vrWTrigo8/Content/Geometry/Trigonopterus_a5/atrig5_30left_pro19.uasset" 557
"../../../vrWTrigo8/Content/BlueprintsTrig_a5/aTrig_Child30.uasset" 558
"../../../vrWTrigo8/Content/Geometry/Trigonopterus_a5/atrig5_31left_pro20.uasset" 559
"../../../vrWTrigo8/Content/BlueprintsTrig_a5/aTrig_Child31.uasset" 560
"../../../vrWTrigo8/Content/Geometry/Trigonopterus_a5/atrig5_32left_pro22.uasset" 561
"../../../vrWTrigo8/Content/BlueprintsTrig_a5/aTrig_Child32.uasset" 562
"../../../vrWTrigo8/Content/BlueprintsTrig_a5/aTrig_Child33.uasset" 563
"../../../vrWTrigo8/Content/BlueprintsTrig_a5/aTrig_Child34.uasset" 564
"../../../vrWTrigo8/Content/BlueprintsTrig_a5/aTrig_Child35.uasset" 565
"../../../vrWTrigo8/Content/BlueprintsTrig_a5/aTrig_Child36.uasset" 566
"../../../vrWTrigo8/Content/BlueprintsTrig_a5/aTrig_Child37.uasset" 567
"../../../vrWTrigo8/Content/BlueprintsTrig_a5/aTrig_Child38.uasset" 568
"../../../vrWTrigo8/Content/BlueprintsTrig_a5/aTrig_Child39.uasset" 569
"../../../vrWTrigo8/Content/BlueprintsTrig_a5/aTrig_Child40.uasset" 570
"../../../vrWTrigo8/Content/BlueprintsTrig_a5/aTrig_Child41.uasset" 571
"../../../vrWTrigo8/Content/BlueprintsTrig_a5/aTrig_Child42.uasset" 572
"../../../vrWTrigo8/Content/BlueprintsTrig_a5/aTrig_Child43.uasset" 573
"../../../vrWTrigo8/Content/BlueprintsTrig_a5/aTrig_Child44.uasset" 574
"../../../vrWTrigo8/Content/Geometry/Trigonopterus_a5/atrig5_45right_me54.uasset" 575
"../../../vrWTrigo8/Content/BlueprintsTrig_a5/aTrig_Child45.uasset" 576
"../../../vrWTrigo8/Content/BlueprintsTrig_a5/aTrig_Child46.uasset" 577
"../../../vrWTrigo8/Content/BlueprintsTrig_a5/aTrig_Child47.uasset" 578
"../../../vrWTrigo8/Content/BlueprintsTrig_a5/aTrig_Child48.uasset" 579
"../../../vrWTrigo8/Content/BlueprintsTrig_a5/aTrig_Child49.uasset" 580
"../../../vrWTrigo8/Content/BlueprintsTrig_a5/aTrig_Child50.uasset" 581
"../../../vrWTrigo8/Content/BlueprintsTrig_a5/aTrig_Child51.uasset" 582
"../../../vrWTrigo8/Content/BlueprintsTrig_a5/aTrig_Child52.uasset" 583
"../../../vrWTrigo8/Content/BlueprintsTrig_a5/aTrig_Child53.uasset" 584
"../../../vrWTrigo8/Content/BlueprintsTrig_a5/aTrig_Child54.uasset" 585
"../../../vrWTrigo8/Content/BlueprintsTrig_a5/aTrig_Child55.uasset" 586
"../../../vrWTrigo8/Content/BlueprintsTrig_a5/aTrig_Child56.uasset" 587
"../../../vrWTrigo8/Content/BlueprintsTrig_a5/aTrig_Child57.uasset" 588
"../../../vrWTrigo8/Content/BlueprintsTrig_a5/aTrig_Child58.uasset" 589
"../../../vrWTrigo8/Content/BlueprintsTrig_a5/aTrig_Child59.uasset" 590
"../../../vrWTrigo8/Content/BlueprintsTrig_a5/aTrig_Child60.uasset" 591
"../../../vrWTrigo8/Content/BlueprintsTrig_a5/aTrig_Child61.uasset" 592
"../../../vrWTrigo8/Content/BlueprintsTrig_a5/aTrig_Child62.uasset" 593
"../../../vrWTrigo8/Content/BlueprintsTrig_a5/aTrig_Child63.uasset" 594
"../../../vrWTrigo8/Content/BlueprintsTrig_a5/aTrig_Child64.uasset" 595
"../../../vrWTrigo8/Content/BlueprintsTrig_a5/aTrig_Child65.uasset" 596
"../../../vrWTrigo8/Content/BlueprintsTrig_a5/aTrig_Child66.uasset" 597
"../../../vrWTrigo8/Content/BlueprintsTrig_a5/aTrig_Child67.uasset" 598
"../../../vrWTrigo8/Content/BlueprintsTrig_a5/aTrig_Child68.uasset" 599
"../../../vrWTrigo8/Content/BlueprintsTrig_a5/aTrig_Child69.uasset" 600
"../../../vrWTrigo8/Content/BlueprintsTrig_a5/aTrig_Child70.uasset" 601
"../../../vrWTrigo8/Content/BlueprintsTrig_a5/aTrig_Child71.uasset" 602
"../../../vrWTrigo8/Content/BlueprintsTrig_a5/aTrig_Child72.uasset" 603
"../../../vrWTrigo8/Content/BlueprintsTrig_a5/aTrig_Child73.uasset" 604
"../../../vrWTrigo8/Content/BlueprintsTrig_a5/aTrig_Child74.uasset" 605
"../../../vrWTrigo8/Content/BlueprintsTrig_a5/aTrig_Child75.uasset" 606
"../../../vrWTrigo8/Content/BlueprintsTrig_a5/aTrig_Child76.uasset" 607
"../../../vrWTrigo8/Content/VirtualRealityBP/Blueprints/TillsInterface.uasset" 608
"../../../vrWTrigo8/Content/VirtualRealityBP/Blueprints/BP_BlowupCenter.uasset" 609
"../../../vrWTrigo8/Content/VirtualRealityBP/Blueprints/BP_PickupCube.uasset" 610
"../../../vrWTrigo8/Content/VirtualRealityBP/Blueprints/BP_PickupCubeStatic.uasset" 611
"../../../vrWTrigo8/Content/VirtualReality/Meshes/blau.uasset" 612
"../../../vrWTrigo8/Content/VirtualReality/Meshes/gelb.uasset" 613
"../../../vrWTrigo8/Content/VirtualReality/Meshes/gelb1.uasset" 614
"../../../vrWTrigo8/Content/VirtualReality/Meshes/gr_n.uasset" 615
"../../../vrWTrigo8/Content/VirtualReality/Meshes/gr_n1.uasset" 616
"../../../vrWTrigo8/Content/VirtualReality/Meshes/Mat.uasset" 617
"../../../vrWTrigo8/Content/VirtualReality/Meshes/orange.uasset" 618
"../../../vrWTrigo8/Content/VirtualReality/Meshes/orange1.uasset" 619
"../../../vrWTrigo8/Content/VirtualReality/Meshes/orange2.uasset" 620
"../../../vrWTrigo8/Content/VirtualReality/Meshes/rot.uasset" 621
"../../../vrWTrigo8/Content/VirtualReality/Meshes/rot1.uasset" 622
"../../../vrWTrigo8/Content/VirtualReality/Meshes/violett.uasset" 623
"../../../vrWTrigo8/Content/VirtualReality/Meshes/violett1.uasset" 624
"../../../vrWTrigo8/Content/VirtualReality/Meshes/Trigonopterus_vandekampi_2013_01_3ds-blender.uasset" 625
"../../../vrWTrigo8/Content/VirtualRealityBP/Blueprints/BP_PickupObjTill12.uasset" 626
"../../../vrWTrigo8/Content/VirtualReality/Meshes/trigonopterus2/blau.uasset" 627
"../../../vrWTrigo8/Content/VirtualReality/Meshes/trigonopterus2/Trigonopterus_vandekampi_2013_01_3ds_cc+indivorigin_blend_abdomen_1_.uasset" 628
"../../../vrWTrigo8/Content/VirtualReality/Meshes/trigonopterus2/Trigonopterus_vandekampi_2013_01_3ds_cc+indivorigin_blend_abdomen_3.uasset" 629
"../../../vrWTrigo8/Content/VirtualReality/Meshes/trigonopterus2/Trigonopterus_vandekampi_2013_01_3ds_cc+indivorigin_blend_abdomen_4.uasset" 630
"../../../vrWTrigo8/Content/VirtualReality/Meshes/trigonopterus2/Trigonopterus_vandekampi_2013_01_3ds_cc+indivorigin_blend_abdomen_5.uasset" 631
"../../../vrWTrigo8/Content/VirtualReality/Meshes/trigonopterus2/orange2.uasset" 632
"../../../vrWTrigo8/Content/VirtualReality/Meshes/trigonopterus2/Trigonopterus_vandekampi_2013_01_3ds_cc+indivorigin_blend_eyes.uasset" 633
"../../../vrWTrigo8/Content/VirtualReality/Meshes/trigonopterus2/gelb.uasset" 634
"../../../vrWTrigo8/Content/VirtualReality/Meshes/trigonopterus2/Trigonopterus_vandekampi_2013_01_3ds_cc+indivorigin_blend_head_capsu.uasset" 635
"../../../vrWTrigo8/Content/VirtualReality/Meshes/trigonopterus2/gr_n.uasset" 636
"../../../vrWTrigo8/Content/VirtualReality/Meshes/trigonopterus2/Trigonopterus_vandekampi_2013_01_3ds_cc+indivorigin_blend_left_flage.uasset" 637
"../../../vrWTrigo8/Content/VirtualReality/Meshes/trigonopterus2/violett.uasset" 638
"../../../vrWTrigo8/Content/VirtualReality/Meshes/trigonopterus2/Trigonopterus_vandekampi_2013_01_3ds_cc+indivorigin_blend_left_mes40.uasset" 639
"../../../vrWTrigo8/Content/VirtualReality/Meshes/trigonopterus2/Trigonopterus_vandekampi_2013_01_3ds_cc+indivorigin_blend_left_mes41.uasset" 640
"../../../vrWTrigo8/Content/VirtualReality/Meshes/trigonopterus2/Trigonopterus_vandekampi_2013_01_3ds_cc+indivorigin_blend_left_mes42.uasset" 641
"../../../vrWTrigo8/Content/VirtualReality/Meshes/trigonopterus2/Trigonopterus_vandekampi_2013_01_3ds_cc+indivorigin_blend_left_mes43.uasset" 642
"../../../vrWTrigo8/Content/VirtualReality/Meshes/trigonopterus2/Trigonopterus_vandekampi_2013_01_3ds_cc+indivorigin_blend_left_mes45.uasset" 643
"../../../vrWTrigo8/Content/VirtualReality/Meshes/trigonopterus2/orange.uasset" 644
"../../../vrWTrigo8/Content/VirtualReality/Meshes/trigonopterus2/Trigonopterus_vandekampi_2013_01_3ds_cc+indivorigin_blend_left_mes46.uasset" 645
"../../../vrWTrigo8/Content/VirtualReality/Meshes/trigonopterus2/Trigonopterus_vandekampi_2013_01_3ds_cc+indivorigin_blend_left_mes47.uasset" 646
"../../../vrWTrigo8/Content/VirtualReality/Meshes/trigonopterus2/Trigonopterus_vandekampi_2013_01_3ds_cc+indivorigin_blend_left_mesoc.uasset" 647
"../../../vrWTrigo8/Content/VirtualReality/Meshes/trigonopterus2/rot.uasset" 648
"../../../vrWTrigo8/Content/VirtualReality/Meshes/trigonopterus2/Trigonopterus_vandekampi_2013_01_3ds_cc+indivorigin_blend_left_mesof.uasset" 649
"../../../vrWTrigo8/Content/VirtualReality/Meshes/trigonopterus2/Trigonopterus_vandekampi_2013_01_3ds_cc+indivorigin_blend_left_mesop.uasset" 650
"../../../vrWTrigo8/Content/VirtualReality/Meshes/trigonopterus2/violett1.uasset" 651
"../../../vrWTrigo8/Content/VirtualReality/Meshes/trigonopterus2/Trigonopterus_vandekampi_2013_01_3ds_cc+indivorigin_blend_left_met79.uasset" 652
"../../../vrWTrigo8/Content/VirtualReality/Meshes/trigonopterus2/Trigonopterus_vandekampi_2013_01_3ds_cc+indivorigin_blend_left_met80.uasset" 653
"../../../vrWTrigo8/Content/VirtualReality/Meshes/trigonopterus2/Trigonopterus_vandekampi_2013_01_3ds_cc+indivorigin_blend_left_met81.uasset" 654
"../../../vrWTrigo8/Content/VirtualReality/Meshes/trigonopterus2/Trigonopterus_vandekampi_2013_01_3ds_cc+indivorigin_blend_left_met82.uasset" 655
"../../../vrWTrigo8/Content/VirtualReality/Meshes/trigonopterus2/Trigonopterus_vandekampi_2013_01_3ds_cc+indivorigin_blend_left_met84.uasset" 656
"../../../vrWTrigo8/Content/VirtualReality/Meshes/trigonopterus2/orange1.uasset" 657
"../../../vrWTrigo8/Content/VirtualReality/Meshes/trigonopterus2/Trigonopterus_vandekampi_2013_01_3ds_cc+indivorigin_blend_left_met85.uasset" 658
"../../../vrWTrigo8/Content/VirtualReality/Meshes/trigonopterus2/rot1.uasset" 659
"../../../vrWTrigo8/Content/VirtualReality/Meshes/trigonopterus2/Trigonopterus_vandekampi_2013_01_3ds_cc+indivorigin_blend_left_met86.uasset" 660
"../../../vrWTrigo8/Content/VirtualReality/Meshes/trigonopterus2/gelb1.uasset" 661
"../../../vrWTrigo8/Content/VirtualReality/Meshes/trigonopterus2/Trigonopterus_vandekampi_2013_01_3ds_cc+indivorigin_blend_left_met87.uasset" 662
"../../../vrWTrigo8/Content/VirtualReality/Meshes/trigonopterus2/gr_n1.uasset" 663
"../../../vrWTrigo8/Content/VirtualReality/Meshes/trigonopterus2/Trigonopterus_vandekampi_2013_01_3ds_cc+indivorigin_blend_left_metac.uasset" 664
"../../../vrWTrigo8/Content/VirtualReality/Meshes/trigonopterus2/Trigonopterus_vandekampi_2013_01_3ds_cc+indivorigin_blend_left_metap.uasset" 665
"../../../vrWTrigo8/Content/VirtualReality/Meshes/trigonopterus2/Trigonopterus_vandekampi_2013_01_3ds_cc+indivorigin_blend_left_pedic.uasset" 666
"../../../vrWTrigo8/Content/VirtualReality/Meshes/trigonopterus2/Trigonopterus_vandekampi_2013_01_3ds_cc+indivorigin_blend_left_pro18.uasset" 667
"../../../vrWTrigo8/Content/VirtualReality/Meshes/trigonopterus2/Trigonopterus_vandekampi_2013_01_3ds_cc+indivorigin_blend_left_pro19.uasset" 668
"../../../vrWTrigo8/Content/VirtualReality/Meshes/trigonopterus2/Trigonopterus_vandekampi_2013_01_3ds_cc+indivorigin_blend_left_pro20.uasset" 669
"../../../vrWTrigo8/Content/VirtualReality/Meshes/trigonopterus2/Trigonopterus_vandekampi_2013_01_3ds_cc+indivorigin_blend_left_pro22.uasset" 670
"../../../vrWTrigo8/Content/VirtualReality/Meshes/trigonopterus2/Trigonopterus_vandekampi_2013_01_3ds_cc+indivorigin_blend_left_proco.uasset" 671
"../../../vrWTrigo8/Content/VirtualReality/Meshes/trigonopterus2/Trigonopterus_vandekampi_2013_01_3ds_cc+indivorigin_blend_left_profe.uasset" 672
"../../../vrWTrigo8/Content/VirtualReality/Meshes/trigonopterus2/Trigonopterus_vandekampi_2013_01_3ds_cc+indivorigin_blend_left_propr.uasset" 673
"../../../vrWTrigo8/Content/VirtualReality/Meshes/trigonopterus2/Trigonopterus_vandekampi_2013_01_3ds_cc+indivorigin_blend_left_prota.uasset" 674
"../../../vrWTrigo8/Content/VirtualReality/Meshes/trigonopterus2/Trigonopterus_vandekampi_2013_01_3ds_cc+indivorigin_blend_left_proti.uasset" 675
"../../../vrWTrigo8/Content/VirtualReality/Meshes/trigonopterus2/Trigonopterus_vandekampi_2013_01_3ds_cc+indivorigin_blend_left_protr.uasset" 676
"../../../vrWTrigo8/Content/VirtualReality/Meshes/trigonopterus2/Trigonopterus_vandekampi_2013_01_3ds_cc+indivorigin_blend_left_scape.uasset" 677
"../../../vrWTrigo8/Content/VirtualReality/Meshes/trigonopterus2/Trigonopterus_vandekampi_2013_01_3ds_cc+indivorigin_blend_metathor61.uasset" 678
"../../../vrWTrigo8/Content/VirtualReality/Meshes/trigonopterus2/Trigonopterus_vandekampi_2013_01_3ds_cc+indivorigin_blend_right_flag.uasset" 679
"../../../vrWTrigo8/Content/VirtualReality/Meshes/trigonopterus2/Trigonopterus_vandekampi_2013_01_3ds_cc+indivorigin_blend_right_me50.uasset" 680
"../../../vrWTrigo8/Content/VirtualReality/Meshes/trigonopterus2/Trigonopterus_vandekampi_2013_01_3ds_cc+indivorigin_blend_right_me52.uasset" 681
"../../../vrWTrigo8/Content/VirtualReality/Meshes/trigonopterus2/Trigonopterus_vandekampi_2013_01_3ds_cc+indivorigin_blend_right_me53.uasset" 682
"../../../vrWTrigo8/Content/VirtualReality/Meshes/trigonopterus2/Trigonopterus_vandekampi_2013_01_3ds_cc+indivorigin_blend_right_me54.uasset" 683
"../../../vrWTrigo8/Content/VirtualReality/Meshes/trigonopterus2/Trigonopterus_vandekampi_2013_01_3ds_cc+indivorigin_blend_right_me55.uasset" 684
"../../../vrWTrigo8/Content/VirtualReality/Meshes/trigonopterus2/Trigonopterus_vandekampi_2013_01_3ds_cc+indivorigin_blend_right_me56.uasset" 685
"../../../vrWTrigo8/Content/VirtualReality/Meshes/trigonopterus2/Trigonopterus_vandekampi_2013_01_3ds_cc+indivorigin_blend_right_me57.uasset" 686
"../../../vrWTrigo8/Content/VirtualReality/Meshes/trigonopterus2/Trigonopterus_vandekampi_2013_01_3ds_cc+indivorigin_blend_right_me58.uasset" 687
"../../../vrWTrigo8/Content/VirtualReality/Meshes/trigonopterus2/Trigonopterus_vandekampi_2013_01_3ds_cc+indivorigin_blend_right_me59.uasset" 688
"../../../vrWTrigo8/Content/VirtualReality/Meshes/trigonopterus2/Trigonopterus_vandekampi_2013_01_3ds_cc+indivorigin_blend_right_me66.uasset" 689
"../../../vrWTrigo8/Content/VirtualReality/Meshes/trigonopterus2/Trigonopterus_vandekampi_2013_01_3ds_cc+indivorigin_blend_right_me67.uasset" 690
"../../../vrWTrigo8/Content/VirtualReality/Meshes/trigonopterus2/Trigonopterus_vandekampi_2013_01_3ds_cc+indivorigin_blend_right_me68.uasset" 691
"../../../vrWTrigo8/Content/VirtualReality/Meshes/trigonopterus2/Trigonopterus_vandekampi_2013_01_3ds_cc+indivorigin_blend_right_me69.uasset" 692
"../../../vrWTrigo8/Content/VirtualReality/Meshes/trigonopterus2/Trigonopterus_vandekampi_2013_01_3ds_cc+indivorigin_blend_right_me70.uasset" 693
"../../../vrWTrigo8/Content/VirtualReality/Meshes/trigonopterus2/Trigonopterus_vandekampi_2013_01_3ds_cc+indivorigin_blend_right_me71.uasset" 694
"../../../vrWTrigo8/Content/VirtualReality/Meshes/trigonopterus2/Trigonopterus_vandekampi_2013_01_3ds_cc+indivorigin_blend_right_me72.uasset" 695
"../../../vrWTrigo8/Content/VirtualReality/Meshes/trigonopterus2/Trigonopterus_vandekampi_2013_01_3ds_cc+indivorigin_blend_right_me73.uasset" 696
"../../../vrWTrigo8/Content/VirtualReality/Meshes/trigonopterus2/Trigonopterus_vandekampi_2013_01_3ds_cc+indivorigin_blend_right_me74.uasset" 697
"../../../vrWTrigo8/Content/VirtualReality/Meshes/trigonopterus2/Trigonopterus_vandekampi_2013_01_3ds_cc+indivorigin_blend_right_meso.uasset" 698
"../../../vrWTrigo8/Content/VirtualReality/Meshes/trigonopterus2/Trigonopterus_vandekampi_2013_01_3ds_cc+indivorigin_blend_right_meta.uasset" 699
"../../../vrWTrigo8/Content/VirtualReality/Meshes/trigonopterus2/Trigonopterus_vandekampi_2013_01_3ds_cc+indivorigin_blend_right_pedi.uasset" 700
"../../../vrWTrigo8/Content/VirtualReality/Meshes/trigonopterus2/Trigonopterus_vandekampi_2013_01_3ds_cc+indivorigin_blend_right_pr26.uasset" 701
"../../../vrWTrigo8/Content/VirtualReality/Meshes/trigonopterus2/Trigonopterus_vandekampi_2013_01_3ds_cc+indivorigin_blend_right_pr27.uasset" 702
"../../../vrWTrigo8/Content/VirtualReality/Meshes/trigonopterus2/Trigonopterus_vandekampi_2013_01_3ds_cc+indivorigin_blend_right_pr28.uasset" 703
"../../../vrWTrigo8/Content/VirtualReality/Meshes/trigonopterus2/Trigonopterus_vandekampi_2013_01_3ds_cc+indivorigin_blend_right_pr29.uasset" 704
"../../../vrWTrigo8/Content/VirtualReality/Meshes/trigonopterus2/Trigonopterus_vandekampi_2013_01_3ds_cc+indivorigin_blend_right_pr30.uasset" 705
"../../../vrWTrigo8/Content/VirtualReality/Meshes/trigonopterus2/Trigonopterus_vandekampi_2013_01_3ds_cc+indivorigin_blend_right_pr32.uasset" 706
"../../../vrWTrigo8/Content/VirtualReality/Meshes/trigonopterus2/Trigonopterus_vandekampi_2013_01_3ds_cc+indivorigin_blend_right_proc.uasset" 707
"../../../vrWTrigo8/Content/VirtualReality/Meshes/trigonopterus2/Trigonopterus_vandekampi_2013_01_3ds_cc+indivorigin_blend_right_prof.uasset" 708
"../../../vrWTrigo8/Content/VirtualReality/Meshes/trigonopterus2/Trigonopterus_vandekampi_2013_01_3ds_cc+indivorigin_blend_right_prop.uasset" 709
"../../../vrWTrigo8/Content/VirtualReality/Meshes/trigonopterus2/Trigonopterus_vandekampi_2013_01_3ds_cc+indivorigin_blend_right_prot.uasset" 710
"../../../vrWTrigo8/Content/VirtualReality/Meshes/trigonopterus2/Trigonopterus_vandekampi_2013_01_3ds_cc+indivorigin_blend_right_scap.uasset" 711
"../../../vrWTrigo8/Content/VirtualReality/Meshes/trigonopterus2/Trigonopterus_vandekampi_2013_01_3ds_cc+indivorigin_blend_sub01.uasset" 712
"../../../vrWTrigo8/Content/VirtualReality/Meshes/trigonopterus2/Trigonopterus_vandekampi_2013_01_3ds_cc+indivorigin_blend_sub01104.uasset" 713
"../../../vrWTrigo8/Content/VirtualReality/Meshes/trigonopterus2/Trigonopterus_vandekampi_2013_01_3ds_cc+indivorigin_blend_sub01106.uasset" 714
"../../../vrWTrigo8/Content/VirtualReality/Meshes/trigonopterus2/Trigonopterus_vandekampi_2013_01_3ds_cc+indivorigin_blend_sub02.uasset" 715
"../../../vrWTrigo8/Content/VirtualReality/Meshes/trigonopterus2/Trigonopterus_vandekampi_2013_01_3ds_cc+indivorigin_blend_sub02105.uasset" 716
"../../../vrWTrigo8/Content/VirtualReality/Meshes/trigonopterus2/Trigonopterus_vandekampi_2013_01_3ds_cc+indivorigin_blend_sub02107.uasset" 717
"../../../vrWTrigo8/Content/VirtualReality/Meshes/trigonopterus2/Trigonopterus_vandekampi_2013_01_3ds_cc+indivorigin_blend_sub03.uasset" 718
"../../../vrWTrigo8/Content/VirtualReality/Meshes/trigonopterus2/Trigonopterus_vandekampi_2013_01_3ds_cc+indivorigin_blend_sub03108.uasset" 719
"../../../vrWTrigo8/Content/VirtualReality/Meshes/trigonopterus2/Trigonopterus_vandekampi_2013_01_3ds_cc+indivorigin_blend_sub04.uasset" 720
"../../../vrWTrigo8/Content/VirtualReality/Meshes/trigonopterus2/Trigonopterus_vandekampi_2013_01_3ds_cc+indivorigin_blend_sub05.uasset" 721
"../../../vrWTrigo8/Content/VirtualRealityBP/Blueprints/BP_TrigMultPart1.uasset" 722
"../../../vrWTrigo8/Content/VirtualReality/Mannequin/Animations/MannequinHand_Right_CanGrab.uasset" 723
"../../../vrWTrigo8/Content/VirtualReality/Mannequin/Animations/MannequinHand_Right_Grab.uasset" 724
"../../../vrWTrigo8/Content/VirtualReality/Mannequin/Animations/MannequinHand_Right_Open.uasset" 725
"../../../vrWTrigo8/Content/VirtualReality/Mannequin/Animations/RightGrip_BS.uasset" 726
"../../../vrWTrigo8/Content/VirtualRealityBP/Blueprints/GripEnum.uasset" 727
"../../../vrWTrigo8/Content/VirtualReality/Mannequin/Animations/RightHand_AnimBP.uasset" 728
"../../../vrWTrigo8/Content/VirtualReality/Materials/M_SplineArcMat.uasset" 729
"../../../Engine/Content/BasicShapes/Sphere.uasset" 730
"../../../vrWTrigo8/Content/VirtualReality/Meshes/BeamMesh.uasset" 731
"../../../vrWTrigo8/Content/VirtualRealityBP/Blueprints/BP_MotionController.uasset" 732
"../../../vrWTrigo8/Content/VirtualRealityBP/Blueprints/MotionControllerPawn.uasset" 733
"../../../vrWTrigo8/Content/Geometry/test/Material.uasset" 734
"../../../vrWTrigo8/Content/Geometry/test/fbxexporttest4-applyloc_Cube.uasset" 735
"../../../vrWTrigo8/Content/Geometry/test/fbxexporttest4-applyloc_Suzanne.uasset" 736
"../../../vrWTrigo8/Content/Geometry/Trigonopterus_a5/atrig5_33left_proco.uasset" 737
"../../../vrWTrigo8/Content/Geometry/Trigonopterus_a5/atrig5_34left_profe.uasset" 738
"../../../vrWTrigo8/Content/Geometry/Trigonopterus_a5/atrig5_35left_propr.uasset" 739
"../../../vrWTrigo8/Content/Geometry/Trigonopterus_a5/atrig5_36left_prota.uasset" 740
"../../../vrWTrigo8/Content/Geometry/Trigonopterus_a5/atrig5_37left_proti.uasset" 741
"../../../vrWTrigo8/Content/Geometry/Trigonopterus_a5/atrig5_38left_protr.uasset" 742
"../../../vrWTrigo8/Content/Geometry/Trigonopterus_a5/atrig5_39left_scape.uasset" 743
"../../../vrWTrigo8/Content/Geometry/Trigonopterus_a5/atrig5_40metathor61.uasset" 744
"../../../vrWTrigo8/Content/Geometry/Trigonopterus_a5/atrig5_41right_flag.uasset" 745
"../../../vrWTrigo8/Content/Geometry/Trigonopterus_a5/atrig5_42right_me50.uasset" 746
"../../../vrWTrigo8/Content/Geometry/Trigonopterus_a5/atrig5_43right_me52.uasset" 747
"../../../vrWTrigo8/Content/Geometry/Trigonopterus_a5/atrig5_44right_me53.uasset" 748
"../../../vrWTrigo8/Content/Geometry/Trigonopterus_a5/atrig5_46right_me55.uasset" 749
"../../../vrWTrigo8/Content/Geometry/Trigonopterus_a5/atrig5_47right_me56.uasset" 750
"../../../vrWTrigo8/Content/Geometry/Trigonopterus_a5/atrig5_48right_me57.uasset" 751
"../../../vrWTrigo8/Content/Geometry/Trigonopterus_a5/atrig5_49right_me58.uasset" 752
"../../../vrWTrigo8/Content/Geometry/Trigonopterus_a5/atrig5_50right_me59.uasset" 753
"../../../vrWTrigo8/Content/Geometry/Trigonopterus_a5/atrig5_51right_me66.uasset" 754
"../../../vrWTrigo8/Content/Geometry/Trigonopterus_a5/atrig5_52right_me67.uasset" 755
"../../../vrWTrigo8/Content/Geometry/Trigonopterus_a5/atrig5_53right_me68.uasset" 756
"../../../vrWTrigo8/Content/Geometry/Trigonopterus_a5/atrig5_54right_me69.uasset" 757
"../../../vrWTrigo8/Content/Geometry/Trigonopterus_a5/atrig5_55right_me70.uasset" 758
"../../../vrWTrigo8/Content/Geometry/Trigonopterus_a5/atrig5_56right_me71.uasset" 759
"../../../vrWTrigo8/Content/Geometry/Trigonopterus_a5/atrig5_57right_me72.uasset" 760
"../../../vrWTrigo8/Content/Geometry/Trigonopterus_a5/atrig5_58right_me73.uasset" 761
"../../../vrWTrigo8/Content/Geometry/Trigonopterus_a5/atrig5_59right_me74.uasset" 762
"../../../vrWTrigo8/Content/Geometry/Trigonopterus_a5/atrig5_60right_meso.uasset" 763
"../../../vrWTrigo8/Content/Geometry/Trigonopterus_a5/atrig5_61right_meta.uasset" 764
"../../../vrWTrigo8/Content/Geometry/Trigonopterus_a5/atrig5_62right_pedi.uasset" 765
"../../../vrWTrigo8/Content/Geometry/Trigonopterus_a5/atrig5_63right_pr26.uasset" 766
"../../../vrWTrigo8/Content/Geometry/Trigonopterus_a5/atrig5_64right_pr27.uasset" 767
"../../../vrWTrigo8/Content/Geometry/Trigonopterus_a5/atrig5_65right_pr28.uasset" 768
"../../../vrWTrigo8/Content/Geometry/Trigonopterus_a5/atrig5_66right_pr29.uasset" 769
"../../../vrWTrigo8/Content/Geometry/Trigonopterus_a5/atrig5_67right_pr30.uasset" 770
"../../../vrWTrigo8/Content/Geometry/Trigonopterus_a5/atrig5_68right_pr32.uasset" 771
"../../../vrWTrigo8/Content/Geometry/Trigonopterus_a5/atrig5_69right_proc.uasset" 772
"../../../vrWTrigo8/Content/Geometry/Trigonopterus_a5/atrig5_70right_prof.uasset" 773
"../../../vrWTrigo8/Content/Geometry/Trigonopterus_a5/atrig5_71right_prop.uasset" 774
"../../../vrWTrigo8/Content/Geometry/Trigonopterus_a5/atrig5_72right_prot.uasset" 775
"../../../vrWTrigo8/Content/Geometry/Trigonopterus_a5/atrig5_73right_scap.uasset" 776
"../../../vrWTrigo8/Content/Geometry/Trigonopterus_a5/atrig5_74thorax_1.uasset" 777
"../../../vrWTrigo8/Content/Geometry/Trigonopterus_a5/atrig5_75thorax_2_front.uasset" 778
"../../../vrWTrigo8/Content/Geometry/Trigonopterus_a5/atrig5_76thorax_3_in.uasset" 779
"../../../vrWTrigo8/Content/VirtualRealityBP/Blueprints/Material.uasset" 780
"../../../vrWTrigo8/Content/VirtualRealityBP/Blueprints/blender_animtest.uasset" 781
"../../../vrWTrigo8/Content/VirtualRealityBP/Maps/MotionControllerMap.umap" 782
"../../../vrWTrigo8/Content/StarterContent/Blueprints/Assets/FogBrightnessLUT.uasset" 783
"../../../vrWTrigo8/Content/StarterContent/Blueprints/Assets/SunlightColorLUT.uasset" 784
"../../../vrWTrigo8/Content/StarterContent/Blueprints/Assets/M_LightStage_Arrows.uasset" 785
"../../../vrWTrigo8/Content/StarterContent/Blueprints/Assets/M_LightStage_Skybox_Master.uasset" 786
"../../../vrWTrigo8/Content/StarterContent/Blueprints/Assets/M_LightStage_Skybox_Black.uasset" 787
"../../../vrWTrigo8/Content/StarterContent/Blueprints/Assets/M_LightStage_Skybox_HDRI.uasset" 788
"../../../Engine/Content/EditorMaterials/Thumbnails/SkySphereMaterial.uasset" 789
"../../../vrWTrigo8/Content/StarterContent/Blueprints/Assets/Skybox.uasset" 790
"../../../vrWTrigo8/Content/StarterContent/Blueprints/Assets/SM_Arrows.uasset" 791
"../../../vrWTrigo8/Content/StarterContent/HDRI/HDRI_Epic_Courtyard_Daylight.uasset" 792
"../../../vrWTrigo8/Content/StarterContent/Blueprints/BP_LightStudio.uasset" 793
"../../../vrWTrigo8/Content/StarterContent/Materials/M_AssetPlatform.uasset" 794
"../../../Engine/Content/EditorMeshes/ColorCalibrator/M_ChromeBall.uasset" 795
"../../../Engine/Content/EditorMeshes/ColorCalibrator/M_ClearCoat.uasset" 796
"../../../Engine/Content/EditorMeshes/ColorCalibrator/M_ClearCoatBlack.uasset" 797
"../../../Engine/Content/EditorMeshes/ColorCalibrator/M_ColorGrid.uasset" 798
"../../../Engine/Content/EditorMeshes/ColorCalibrator/M_GreyBall.uasset" 799
"../../../Engine/Content/EditorMeshes/ColorCalibrator/SM_ColorCalibrator.uasset" 800
"../../../vrWTrigo8/Content/StarterContent/Architecture/SM_AssetPlatform.uasset" 801
"../../../vrWTrigo8/Content/StarterContent/Maps/Advanced_Lighting.umap" 802
