Log file open, 03/06/18 21:55:55
LogInit:Display: Running engine for game: vrWTrigo9mult
LogPlatformFile: Not using cached read wrapper
LogInit:Display: RandInit(2072927140) SRandInit(2072927140).
LogTaskGraph: Started task graph with 5 named threads and 8 total threads with 1 sets of task threads.
LogStats: Stats thread started at 0.132441
LogPluginManager: Loaded Plugin Paper2D, From C:/Program Files/Epic Games/UE_4.13/Engine/Plugins/2D/Paper2D/Paper2D.uplugin
LogPluginManager: Loaded Plugin LightPropagationVolume, From C:/Program Files/Epic Games/UE_4.13/Engine/Plugins/Blendables/LightPropagationVolume/LightPropagationVolume.uplugin
LogPluginManager: Loaded Plugin BlankPlugin, From C:/Program Files/Epic Games/UE_4.13/Engine/Plugins/Developer/BlankPlugin/BlankPlugin.uplugin
LogPluginManager: Loaded Plugin CodeLiteSourceCodeAccess, From C:/Program Files/Epic Games/UE_4.13/Engine/Plugins/Developer/CodeLiteSourceCodeAccess/CodeLiteSourceCodeAccess.uplugin
LogPluginManager: Loaded Plugin GitSourceControl, From C:/Program Files/Epic Games/UE_4.13/Engine/Plugins/Developer/GitSourceControl/GitSourceControl.uplugin
LogPluginManager: Loaded Plugin KDevelopSourceCodeAccess, From C:/Program Files/Epic Games/UE_4.13/Engine/Plugins/Developer/KDevelopSourceCodeAccess/KDevelopSourceCodeAccess.uplugin
LogPluginManager: Loaded Plugin NullSourceCodeAccess, From C:/Program Files/Epic Games/UE_4.13/Engine/Plugins/Developer/NullSourceCodeAccess/NullSourceCodeAccess.uplugin
LogPluginManager: Loaded Plugin OneSkyLocalizationService, From C:/Program Files/Epic Games/UE_4.13/Engine/Plugins/Developer/OneSkyLocalizationService/OneSkyLocalizationService.uplugin
LogPluginManager: Loaded Plugin PerforceSourceControl, From C:/Program Files/Epic Games/UE_4.13/Engine/Plugins/Developer/PerforceSourceControl/PerforceSourceControl.uplugin
LogPluginManager: Loaded Plugin SubversionSourceControl, From C:/Program Files/Epic Games/UE_4.13/Engine/Plugins/Developer/SubversionSourceControl/SubversionSourceControl.uplugin
LogPluginManager: Loaded Plugin UObjectPlugin, From C:/Program Files/Epic Games/UE_4.13/Engine/Plugins/Developer/UObjectPlugin/UObjectPlugin.uplugin
LogPluginManager: Loaded Plugin VisualStudioSourceCodeAccess, From C:/Program Files/Epic Games/UE_4.13/Engine/Plugins/Developer/VisualStudioSourceCodeAccess/VisualStudioSourceCodeAccess.uplugin
LogPluginManager: Loaded Plugin XCodeSourceCodeAccess, From C:/Program Files/Epic Games/UE_4.13/Engine/Plugins/Developer/XCodeSourceCodeAccess/XCodeSourceCodeAccess.uplugin
LogPluginManager: Loaded Plugin EpicSurvey, From C:/Program Files/Epic Games/UE_4.13/Engine/Plugins/Editor/EpicSurvey/EpicSurvey.uplugin
LogPluginManager: Loaded Plugin MacGraphicsSwitching, From C:/Program Files/Epic Games/UE_4.13/Engine/Plugins/Editor/MacGraphicsSwitching/MacGraphicsSwitching.uplugin
LogPluginManager: Loaded Plugin MobileLauncherProfileWizard, From C:/Program Files/Epic Games/UE_4.13/Engine/Plugins/Editor/MobileLauncherProfileWizard/MobileLauncherProfileWizard.uplugin
LogPluginManager: Loaded Plugin PluginBrowser, From C:/Program Files/Epic Games/UE_4.13/Engine/Plugins/Editor/PluginBrowser/PluginBrowser.uplugin
LogPluginManager: Loaded Plugin SpeedTreeImporter, From C:/Program Files/Epic Games/UE_4.13/Engine/Plugins/Editor/SpeedTreeImporter/SpeedTreeImporter.uplugin
LogPluginManager: Loaded Plugin SuperSearchEditor, From C:/Program Files/Epic Games/UE_4.13/Engine/Plugins/Editor/SuperSearchEditor/SuperSearchEditor.uplugin
LogPluginManager: Loaded Plugin AlembicImporter, From C:/Program Files/Epic Games/UE_4.13/Engine/Plugins/Experimental/AlembicImporter/AlembicImporter.uplugin
LogPluginManager: Loaded Plugin BlueprintStats, From C:/Program Files/Epic Games/UE_4.13/Engine/Plugins/Experimental/BlueprintStats/BlueprintStats.uplugin
LogPluginManager: Loaded Plugin CharacterAI, From C:/Program Files/Epic Games/UE_4.13/Engine/Plugins/Experimental/CharacterAI/CharacterAI.uplugin
LogPluginManager: Loaded Plugin CodeEditor, From C:/Program Files/Epic Games/UE_4.13/Engine/Plugins/Experimental/CodeEditor/CodeEditor.uplugin
LogPluginManager: Loaded Plugin CodeView, From C:/Program Files/Epic Games/UE_4.13/Engine/Plugins/Experimental/CodeView/CodeView.uplugin
LogPluginManager: Loaded Plugin HTML5Networking, From C:/Program Files/Epic Games/UE_4.13/Engine/Plugins/Experimental/HTML5Networking/HTML5Networking.uplugin
LogPluginManager: Loaded Plugin LiveEditor, From C:/Program Files/Epic Games/UE_4.13/Engine/Plugins/Experimental/LiveEditor/LiveEditor.uplugin
LogPluginManager: Loaded Plugin OSVR, From C:/Program Files/Epic Games/UE_4.13/Engine/Plugins/Experimental/OSVR/OSVR.uplugin
LogPluginManager: Loaded Plugin Phya, From C:/Program Files/Epic Games/UE_4.13/Engine/Plugins/Experimental/Phya/Phya.uplugin
LogPluginManager: Loaded Plugin SignificanceManager, From C:/Program Files/Epic Games/UE_4.13/Engine/Plugins/Experimental/SignificanceManager/SignificanceManager.uplugin
LogPluginManager: Loaded Plugin SimpleHMD, From C:/Program Files/Epic Games/UE_4.13/Engine/Plugins/Experimental/SimpleHMD/SimpleHMD.uplugin
LogPluginManager: Loaded Plugin StereoPanorama, From C:/Program Files/Epic Games/UE_4.13/Engine/Plugins/Experimental/StereoPanorama/StereoPanorama.uplugin
LogPluginManager: Loaded Plugin StructBox, From C:/Program Files/Epic Games/UE_4.13/Engine/Plugins/Experimental/StructBox/StructBox.uplugin
LogPluginManager: Loaded Plugin AndroidMedia, From C:/Program Files/Epic Games/UE_4.13/Engine/Plugins/Media/AndroidMedia/AndroidMedia.uplugin
LogPluginManager: Loaded Plugin AvfMedia, From C:/Program Files/Epic Games/UE_4.13/Engine/Plugins/Media/AvfMedia/AvfMedia.uplugin
LogPluginManager: Loaded Plugin MediaPlayerEditor, From C:/Program Files/Epic Games/UE_4.13/Engine/Plugins/Media/MediaPlayerEditor/MediaPlayerEditor.uplugin
LogPluginManager: Loaded Plugin WmfMedia, From C:/Program Files/Epic Games/UE_4.13/Engine/Plugins/Media/WmfMedia/WmfMedia.uplugin
LogPluginManager: Loaded Plugin MessagingDebugger, From C:/Program Files/Epic Games/UE_4.13/Engine/Plugins/Messaging/MessagingDebugger/MessagingDebugger.uplugin
LogPluginManager: Loaded Plugin TcpMessaging, From C:/Program Files/Epic Games/UE_4.13/Engine/Plugins/Messaging/TcpMessaging/TcpMessaging.uplugin
LogPluginManager: Loaded Plugin UdpMessaging, From C:/Program Files/Epic Games/UE_4.13/Engine/Plugins/Messaging/UdpMessaging/UdpMessaging.uplugin
LogPluginManager: Loaded Plugin LevelSequenceEditor, From C:/Program Files/Epic Games/UE_4.13/Engine/Plugins/MovieScene/LevelSequenceEditor/LevelSequenceEditor.uplugin
LogPluginManager: Loaded Plugin MatineeToLevelSequence, From C:/Program Files/Epic Games/UE_4.13/Engine/Plugins/MovieScene/MatineeToLevelSequence/MatineeToLevelSequence.uplugin
LogPluginManager: Loaded Plugin NetcodeUnitTest, From C:/Program Files/Epic Games/UE_4.13/Engine/Plugins/NetcodeUnitTest/NetcodeUnitTest/NetcodeUnitTest.uplugin
LogPluginManager: Loaded Plugin NUTUnrealEngine4, From C:/Program Files/Epic Games/UE_4.13/Engine/Plugins/NetcodeUnitTest/NUTUnrealEngine4/NUTUnrealEngine4.uplugin
LogPluginManager: Loaded Plugin OnlineSubsystemGooglePlay, From C:/Program Files/Epic Games/UE_4.13/Engine/Plugins/Online/Android/OnlineSubsystemGooglePlay/OnlineSubsystemGooglePlay.uplugin
LogPluginManager: Loaded Plugin OnlineSubsystemIOS, From C:/Program Files/Epic Games/UE_4.13/Engine/Plugins/Online/IOS/OnlineSubsystemIOS/OnlineSubsystemIOS.uplugin
LogPluginManager: Loaded Plugin OnlineFramework, From C:/Program Files/Epic Games/UE_4.13/Engine/Plugins/Online/OnlineFramework/OnlineFramework.uplugin
LogPluginManager: Loaded Plugin OnlineSubsystem, From C:/Program Files/Epic Games/UE_4.13/Engine/Plugins/Online/OnlineSubsystem/OnlineSubsystem.uplugin
LogPluginManager: Loaded Plugin OnlineSubsystemAmazon, From C:/Program Files/Epic Games/UE_4.13/Engine/Plugins/Online/OnlineSubsystemAmazon/OnlineSubsystemAmazon.uplugin
LogPluginManager: Loaded Plugin OnlineSubsystemFacebook, From C:/Program Files/Epic Games/UE_4.13/Engine/Plugins/Online/OnlineSubsystemFacebook/OnlineSubsystemFacebook.uplugin
LogPluginManager: Loaded Plugin OnlineSubsystemNull, From C:/Program Files/Epic Games/UE_4.13/Engine/Plugins/Online/OnlineSubsystemNull/OnlineSubsystemNull.uplugin
LogPluginManager: Loaded Plugin OnlineSubsystemOculus, From C:/Program Files/Epic Games/UE_4.13/Engine/Plugins/Online/OnlineSubsystemOculus/OnlineSubsystemOculus.uplugin
LogPluginManager: Loaded Plugin OnlineSubsystemSteam, From C:/Program Files/Epic Games/UE_4.13/Engine/Plugins/Online/OnlineSubsystemSteam/OnlineSubsystemSteam.uplugin
LogPluginManager: Loaded Plugin OnlineSubsystemUtils, From C:/Program Files/Epic Games/UE_4.13/Engine/Plugins/Online/OnlineSubsystemUtils/OnlineSubsystemUtils.uplugin
LogPluginManager: Loaded Plugin IOSTapJoy, From C:/Program Files/Epic Games/UE_4.13/Engine/Plugins/Runtime/Advertising/IOSTapJoy/IOSTapJoy.uplugin
LogPluginManager: Loaded Plugin AnalyticsBlueprintLibrary, From C:/Program Files/Epic Games/UE_4.13/Engine/Plugins/Runtime/Analytics/AnalyticsBlueprintLibrary/AnalyticsBlueprintLibrary.uplugin
LogPluginManager: Loaded Plugin AnalyticsMulticast, From C:/Program Files/Epic Games/UE_4.13/Engine/Plugins/Runtime/Analytics/AnalyticsMulticast/AnalyticsMulticast.uplugin
LogPluginManager: Loaded Plugin Apsalar, From C:/Program Files/Epic Games/UE_4.13/Engine/Plugins/Runtime/Analytics/Apsalar/Apsalar.uplugin
LogPluginManager: Loaded Plugin FileLogging, From C:/Program Files/Epic Games/UE_4.13/Engine/Plugins/Runtime/Analytics/FileLogging/FileLogging.uplugin
LogPluginManager: Loaded Plugin Flurry, From C:/Program Files/Epic Games/UE_4.13/Engine/Plugins/Runtime/Analytics/Flurry/Flurry.uplugin
LogPluginManager: Loaded Plugin AndroidDeviceProfileSelector, From C:/Program Files/Epic Games/UE_4.13/Engine/Plugins/Runtime/AndroidDeviceProfileSelector/AndroidDeviceProfileSelector.uplugin
LogPluginManager: Loaded Plugin AndroidMoviePlayer, From C:/Program Files/Epic Games/UE_4.13/Engine/Plugins/Runtime/AndroidMoviePlayer/AndroidMoviePlayer.uplugin
LogPluginManager: Loaded Plugin AppleMoviePlayer, From C:/Program Files/Epic Games/UE_4.13/Engine/Plugins/Runtime/AppleMoviePlayer/AppleMoviePlayer.uplugin
LogPluginManager: Loaded Plugin ArchVisCharacter, From C:/Program Files/Epic Games/UE_4.13/Engine/Plugins/Runtime/ArchVisCharacter/ArchVisCharacter.uplugin
LogPluginManager: Loaded Plugin CableComponent, From C:/Program Files/Epic Games/UE_4.13/Engine/Plugins/Runtime/CableComponent/CableComponent.uplugin
LogPluginManager: Loaded Plugin CustomMeshComponent, From C:/Program Files/Epic Games/UE_4.13/Engine/Plugins/Runtime/CustomMeshComponent/CustomMeshComponent.uplugin
LogPluginManager: Loaded Plugin ExampleDeviceProfileSelector, From C:/Program Files/Epic Games/UE_4.13/Engine/Plugins/Runtime/ExampleDeviceProfileSelector/ExampleDeviceProfileSelector.uplugin
LogPluginManager: Loaded Plugin GearVR, From C:/Program Files/Epic Games/UE_4.13/Engine/Plugins/Runtime/GearVR/GearVR.uplugin
LogPluginManager: Loaded Plugin GoogleVRController, From C:/Program Files/Epic Games/UE_4.13/Engine/Plugins/Runtime/GoogleVR/GoogleVRController/GoogleVRController.uplugin
LogPluginManager: Loaded Plugin GoogleVRHMD, From C:/Program Files/Epic Games/UE_4.13/Engine/Plugins/Runtime/GoogleVR/GoogleVRHMD/GoogleVRHMD.uplugin
LogPluginManager: Loaded Plugin IOSDeviceProfileSelector, From C:/Program Files/Epic Games/UE_4.13/Engine/Plugins/Runtime/IOSDeviceProfileSelector/IOSDeviceProfileSelector.uplugin
LogPluginManager: Loaded Plugin LeapMotion, From C:/Program Files/Epic Games/UE_4.13/Engine/Plugins/Runtime/LeapMotion/LeapMotion.uplugin
LogPluginManager: Loaded Plugin LinuxDeviceProfileSelector, From C:/Program Files/Epic Games/UE_4.13/Engine/Plugins/Runtime/LinuxDeviceProfileSelector/LinuxDeviceProfileSelector.uplugin
LogPluginManager: Loaded Plugin LiveEditorListenServer, From C:/Program Files/Epic Games/UE_4.13/Engine/Plugins/Runtime/LiveEditorListenServer/LiveEditorListenServer.uplugin
LogPluginManager: Loaded Plugin OculusAudio, From C:/Program Files/Epic Games/UE_4.13/Engine/Plugins/Runtime/OculusAudio/OculusAudio.uplugin
LogPluginManager: Loaded Plugin OculusInput, From C:/Program Files/Epic Games/UE_4.13/Engine/Plugins/Runtime/OculusInput/OculusInput.uplugin
LogPluginManager: Loaded Plugin OculusLibrary, From C:/Program Files/Epic Games/UE_4.13/Engine/Plugins/Runtime/OculusLibrary/OculusLibrary.uplugin
LogPluginManager: Loaded Plugin OculusRift, From C:/Program Files/Epic Games/UE_4.13/Engine/Plugins/Runtime/OculusRift/OculusRift.uplugin
LogPluginManager: Loaded Plugin Oodle, From C:/Program Files/Epic Games/UE_4.13/Engine/Plugins/Runtime/PacketHandlers/CompressionComponents/Oodle/Oodle.uplugin
LogPluginManager: Loaded Plugin ProceduralMeshComponent, From C:/Program Files/Epic Games/UE_4.13/Engine/Plugins/Runtime/ProceduralMeshComponent/ProceduralMeshComponent.uplugin
LogPluginManager: Loaded Plugin SoundMod, From C:/Program Files/Epic Games/UE_4.13/Engine/Plugins/Runtime/SoundMod/SoundMod.uplugin
LogPluginManager: Loaded Plugin SoundVisualizations, From C:/Program Files/Epic Games/UE_4.13/Engine/Plugins/Runtime/SoundVisualizations/SoundVisualizations.uplugin
LogPluginManager: Loaded Plugin SteamController, From C:/Program Files/Epic Games/UE_4.13/Engine/Plugins/Runtime/Steam/SteamController/SteamController.uplugin
LogPluginManager: Loaded Plugin SteamVR, From C:/Program Files/Epic Games/UE_4.13/Engine/Plugins/Runtime/Steam/SteamVR/SteamVR.uplugin
LogPluginManager: Loaded Plugin WebBrowserWidget, From C:/Program Files/Epic Games/UE_4.13/Engine/Plugins/Runtime/WebBrowserWidget/WebBrowserWidget.uplugin
LogPluginManager: Loaded Plugin WindowsDeviceProfileSelector, From C:/Program Files/Epic Games/UE_4.13/Engine/Plugins/Runtime/WindowsDeviceProfileSelector/WindowsDeviceProfileSelector.uplugin
LogPluginManager: Loaded Plugin WindowsMoviePlayer, From C:/Program Files/Epic Games/UE_4.13/Engine/Plugins/Runtime/WindowsMoviePlayer/WindowsMoviePlayer.uplugin
LogPluginManager: Loaded Plugin ScriptPlugin, From C:/Program Files/Epic Games/UE_4.13/Engine/Plugins/ScriptPlugin/ScriptPlugin.uplugin
LogPluginManager: Loaded Plugin SlateRemote, From C:/Program Files/Epic Games/UE_4.13/Engine/Plugins/Slate/SlateRemote/SlateRemote.uplugin
LogInit: Using libcurl 7.47.1
LogInit:  - built for x86_64-pc-win32
LogInit:  - supports SSL with WinSSL
LogInit:  - other features:
LogInit:      CURL_VERSION_SSL
LogInit:      CURL_VERSION_IPV6
LogInit:      CURL_VERSION_ASYNCHDNS
LogInit:      CURL_VERSION_LARGEFILE
LogInit:      CURL_VERSION_IDN
LogInit:  CurlRequestOptions (configurable via config and command line):
LogInit:  - bVerifyPeer = false  - Libcurl will NOT verify peer certificate
LogInit:  - bUseHttpProxy = false  - Libcurl will NOT use HTTP proxy
LogInit:  - bDontReuseConnections = false  - Libcurl will reuse connections
LogInit:  - CertBundlePath = nullptr  - Libcurl will use whatever was configured at build time.
LogInit: Build: ++UE4+Release-4.13-CL-3172292
LogInit: Engine Version: 4.13.2-3172292+++UE4+Release-4.13
LogInit: Compatible Engine Version: 4.13.0-3106830+++UE4+Release-4.13
LogInit: Net CL: 3172292
LogDevObjectVersion: Number of dev versions registered: 13
LogDevObjectVersion:   Dev-Blueprints (B0D832E4-1F89-4F0D-ACCF-7EB736FD4AA2): 5
LogDevObjectVersion:   Dev-Build (E1C64328-A22C-4D53-A36C-8E866417BD8C): 0
LogDevObjectVersion:   Dev-Core (375EC13C-06E4-48FB-B500-84F0262A717E): 1
LogDevObjectVersion:   Dev-Editor (E4B068ED-F494-42E9-A231-DA0B2E46BB41): 6
LogDevObjectVersion:   Dev-Framework (CFFC743F-43B0-4480-9391-14DF171D2073): 12
LogDevObjectVersion:   Dev-Mobile (B02B49B5-BB20-44E9-A304-32B752E40360): 0
LogDevObjectVersion:   Dev-Networking (A4E4105C-59A1-49B5-A7C5-40C4547EDFEE): 0
LogDevObjectVersion:   Dev-Online (39C831C9-5AE6-47DC-9A44-9C173E1C8E7C): 0
LogDevObjectVersion:   Dev-Physics (78F01B33-EBEA-4F98-B9B4-84EACCB95AA2): 0
LogDevObjectVersion:   Dev-Platform (6631380F-2D4D-43E0-8009-CF276956A95A): 0
LogDevObjectVersion:   Dev-Rendering (12F88B9F-8875-4AFC-A67C-D90C383ABD29): 4
LogDevObjectVersion:   Dev-Sequencer (7B5AE74C-D270-4C10-A958-57980B212A5A): 0
LogDevObjectVersion:   Dev-VR (D7296918-1DD6-4BDD-9DE2-64A83CC13884): 0
LogInit: Compiled (64-bit): Oct 24 2016 14:29:06
LogInit: Compiled with Visual C++: 19.00.23026.00
LogInit: Build Configuration: Development
LogInit: Branch Name: ++UE4+Release-4.13
LogInit: Command line:  
LogInit: Base directory: C:/Program Files/Epic Games/UE_4.13/Engine/Binaries/Win64/
LogInit: Installed Engine Build: 1
LogInit: Presizing for max 8388607 objects, including 0 objects not considered by GC, pre-allocating 0 bytes for permanent pool.
LogInit: Object subsystem initialized
[2018.03.06-20.55.55:482][  0]LogInit: Selected Device Profile: [Windows]
[2018.03.06-20.55.55:482][  0]LogInit: Applying CVar settings loaded from the selected device profile: [Windows]
[2018.03.06-20.55.55:507][  0]LogInit: Computer: IPE-VR-G752VS
[2018.03.06-20.55.55:507][  0]LogInit: User: PDV
[2018.03.06-20.55.55:507][  0]LogInit: CPU Page size=65536, Cores=4
[2018.03.06-20.55.55:507][  0]LogInit: High frequency timer resolution =2.531256 MHz
[2018.03.06-20.55.55:508][  0]LogMemory: Memory total: Physical=15.9GB (16GB approx)
[2018.03.06-20.55.55:508][  0]LogMemory: Platform Memory Stats for Windows
[2018.03.06-20.55.55:508][  0]LogMemory: Process Physical Memory: 259.15 MB used, 259.15 MB peak
[2018.03.06-20.55.55:508][  0]LogMemory: Process Virtual Memory: 259.71 MB used, 259.71 MB peak
[2018.03.06-20.55.55:508][  0]LogMemory: Physical Memory: 8268.39 MB used, 16319.74 MB total
[2018.03.06-20.55.55:508][  0]LogMemory: Virtual Memory: 657.68 MB used, 134217728.00 MB total
[2018.03.06-20.55.56:555][  0]LogTextLocalizationManager: No translations for ('de-DE') exist, falling back to 'en' for localization and internationalization data.
[2018.03.06-20.55.57:762][  0]LogD3D11RHI: D3D11 adapters:
[2018.03.06-20.55.57:848][  0]LogD3D11RHI:    0. 'NVIDIA GeForce GTX 1070' (Feature Level 11_0)
[2018.03.06-20.55.57:848][  0]LogD3D11RHI:       8089/0/8159 MB DedicatedVideo/DedicatedSystem/SharedSystem, Outputs:1, VendorId:0x10de
[2018.03.06-20.55.57:856][  0]LogD3D11RHI:    1. 'Microsoft Basic Render Driver' (Feature Level 11_0)
[2018.03.06-20.55.57:856][  0]LogD3D11RHI:       0/0/8159 MB DedicatedVideo/DedicatedSystem/SharedSystem, Outputs:0, VendorId:0x1414
[2018.03.06-20.55.57:856][  0]LogD3D11RHI: Chosen D3D11 Adapter: 0
[2018.03.06-20.55.57:869][  0]LogD3D11RHI: Creating new Direct3DDevice
[2018.03.06-20.55.57:869][  0]LogD3D11RHI:     GPU DeviceId: 0x1be1 (for the marketing name, search the web for "GPU Device Id")
[2018.03.06-20.55.57:869][  0]LogWindows: EnumDisplayDevices:
[2018.03.06-20.55.57:870][  0]LogWindows:    0. 'NVIDIA GeForce GTX 1070' (P:1 D:1)
[2018.03.06-20.55.57:871][  0]LogWindows:    1. 'NVIDIA GeForce GTX 1070' (P:0 D:0)
[2018.03.06-20.55.57:872][  0]LogWindows:    2. 'NVIDIA GeForce GTX 1070' (P:0 D:0)
[2018.03.06-20.55.57:872][  0]LogWindows:    3. 'NVIDIA GeForce GTX 1070' (P:0 D:0)
[2018.03.06-20.55.57:873][  0]LogWindows: DebugString: GetVideoDriverDetailsInvalid PrimaryIsNotTheChoosenAdapter GetVideoDriverDetailsInvalid PrimaryIsNotTheChoosenAdapter GetVideoDriverDetailsInvalid PrimaryIsNotTheChoosenAdapter GetVideoDriverDetailsInvalid PrimaryIsNotTheChoosenAdapter FoundDriverCount:0 
[2018.03.06-20.55.57:873][  0]LogD3D11RHI:     Adapter Name: NVIDIA GeForce GTX 1070
[2018.03.06-20.55.57:873][  0]LogD3D11RHI:   Driver Version: Unknown (internal:Unknown, unified:Unknown)
[2018.03.06-20.55.57:873][  0]LogD3D11RHI:      Driver Date: Unknown
[2018.03.06-20.55.57:873][  0]LogRHI: Texture pool is 1361 MB (70% of 1945 MB)
[2018.03.06-20.55.57:909][  0]LogD3D11RHI: Async texture creation enabled
[2018.03.06-20.55.57:928][  0]LogD3D11RHI: GPU Timing Frequency: 1000.000000 (Debug: 2 2)
[2018.03.06-20.55.57:928][  0]LogShaderCompilers: Guid format shader working directory is 14 characters bigger than the processId version (D:/UnrealProjects/vrWTrigo9mult/Intermediate/Shaders/WorkingDirectory/940/).
[2018.03.06-20.55.57:929][  0]LogShaderCompilers: Cleaned the shader compiler working directory 'C:/Users/PDV/AppData/Local/Temp/UnrealShaderWorkingDir/ACA9CD7647572944F20BD88B8D04DBC4/'.
[2018.03.06-20.55.57:929][  0]LogShaderCompilers:Display: Using Local Shader Compiler.
[2018.03.06-20.55.59:800][  0]LogTemp:Display: Loaded TP AllDesktopTargetPlatform
[2018.03.06-20.55.59:820][  0]LogTemp:Display: Loaded TP WindowsClientTargetPlatform
[2018.03.06-20.55.59:843][  0]LogTemp:Display: Loaded TP WindowsNoEditorTargetPlatform
[2018.03.06-20.55.59:868][  0]LogTemp:Display: Loaded TP WindowsServerTargetPlatform
[2018.03.06-20.55.59:888][  0]LogTemp:Display: Loaded TP WindowsTargetPlatform
[2018.03.06-20.55.59:909][  0]LogTemp:Display: Loaded TP AndroidTargetPlatform
[2018.03.06-20.55.59:929][  0]LogTemp:Display: Loaded TP Android_ASTCTargetPlatform
[2018.03.06-20.55.59:950][  0]LogTemp:Display: Loaded TP Android_ATCTargetPlatform
[2018.03.06-20.55.59:969][  0]LogTemp:Display: Loaded TP Android_DXTTargetPlatform
[2018.03.06-20.55.59:989][  0]LogTemp:Display: Loaded TP Android_ETC1TargetPlatform
[2018.03.06-20.56.00:013][  0]LogTemp:Display: Loaded TP Android_ETC2TargetPlatform
[2018.03.06-20.56.00:055][  0]LogTemp:Display: Loaded TP Android_MultiTargetPlatform
[2018.03.06-20.56.00:055][  0]LogTemp:Display: Loaded TP Android_PVRTCTargetPlatform
[2018.03.06-20.56.00:068][  0]LogTemp:Display: Loaded TP HTML5TargetPlatform
[2018.03.06-20.56.00:126][  0]LogTemp:Display: Loaded TP IOSTargetPlatform
[2018.03.06-20.56.00:145][  0]LogTemp:Display: Loaded TP TVOSTargetPlatform
[2018.03.06-20.56.00:166][  0]LogTemp:Display: Loaded TP LinuxClientTargetPlatform
[2018.03.06-20.56.00:185][  0]LogTemp:Display: Loaded TP LinuxNoEditorTargetPlatform
[2018.03.06-20.56.00:204][  0]LogTemp:Display: Loaded TP LinuxServerTargetPlatform
[2018.03.06-20.56.00:228][  0]LogTemp:Display: Loaded TP LinuxTargetPlatform
[2018.03.06-20.56.00:228][  0]LogTargetPlatformManager:Display: Building Assets For Windows
[2018.03.06-20.56.00:699][  0]LogDerivedDataCache:Display: Max Cache Size: 512 MB
[2018.03.06-20.56.00:990][  0]LogDerivedDataCache: Loaded boot cache 0.29s 62MB C:/Users/PDV/AppData/Local/UnrealEngine/4.13/DerivedDataCache/Boot.ddc.
[2018.03.06-20.56.00:990][  0]LogDerivedDataCache:Display: Loaded Boot cache: C:/Users/PDV/AppData/Local/UnrealEngine/4.13/DerivedDataCache/Boot.ddc
[2018.03.06-20.56.00:990][  0]LogDerivedDataCache: FDerivedDataBackendGraph:  Pak pak cache file D:/UnrealProjects/vrWTrigo9mult/DerivedDataCache/DDC.ddp not found, will not use a pak cache.
[2018.03.06-20.56.00:990][  0]LogDerivedDataCache: Unable to find inner node Pak for hierarchical cache Hierarchy.
[2018.03.06-20.56.00:991][  0]LogDerivedDataCache: FDerivedDataBackendGraph:  CompressedPak pak cache file D:/UnrealProjects/vrWTrigo9mult/DerivedDataCache/Compressed.ddp not found, will not use a pak cache.
[2018.03.06-20.56.00:991][  0]LogDerivedDataCache: Unable to find inner node CompressedPak for hierarchical cache Hierarchy.
[2018.03.06-20.56.01:011][  0]LogDerivedDataCache:Display: Pak cache opened for reading ../../../Engine/DerivedDataCache/Compressed.ddp.
[2018.03.06-20.56.01:026][  0]LogDerivedDataCache: Using Local data cache path C:/Users/PDV/AppData/Local/UnrealEngine/Common/DerivedDataCache: Writable
[2018.03.06-20.56.01:557][  0]LogInit: Selected Device Profile: [Windows]
[2018.03.06-20.56.01:559][  0]LogContentStreaming: Texture pool size is 0.00 MB
[2018.03.06-20.56.01:715][  0]LogMeshUtilities: No automatic mesh reduction module available
[2018.03.06-20.56.01:715][  0]LogMeshUtilities: No automatic mesh merging module available
[2018.03.06-20.56.01:715][  0]LogMeshUtilities: No distributed automatic mesh merging module available
[2018.03.06-20.56.02:150][  0]LogMaterial: Uniform references updated for custom material expression Custom.
[2018.03.06-20.56.02:684][  0]LogNetVersion: GetLocalNetworkVersion: CL: 3106830, ProjectName: vrwtrigo9mult, ProjectVersion: , EngineNetworkVersion: 1, GameNetworkVersion: 0, NetworkChecksum: 3249632202
[2018.03.06-20.56.02:759][  0]LogAssetRegistry: FAssetRegistry took 0.0225 seconds to start up
[2018.03.06-20.56.02:855][  0]LogPackageLocalizationCache: Processed 3 localized package path(s) for 1 prioritized culture(s) in 0.090441 seconds
[2018.03.06-20.56.02:865][  0]LogUObjectArray: 29778 objects as part of root set at end of initial load.
[2018.03.06-20.56.02:865][  0]LogUObjectAllocator: 6125456 out of 0 bytes used by permanent object pool.
[2018.03.06-20.56.02:865][  0]LogUObjectArray: CloseDisregardForGC: 0/0 objects in disregard for GC pool
[2018.03.06-20.56.02:885][  0]LogInit: WinSock: version 1.1 (2.2), MaxSocks=32767, MaxUdp=65467
[2018.03.06-20.56.03:812][  0]LogSlate: SlateFontCache - WITH_FREETYPE: 1, WITH_HARFBUZZ: 1
[2018.03.06-20.56.03:812][  0]LogSlate: SlateFontCache - WITH_FREETYPE: 1, WITH_HARFBUZZ: 1
[2018.03.06-20.56.06:153][  0]LogTcpMessaging: Initializing TcpMessaging bridge
[2018.03.06-20.56.06:189][  0]LogUdpMessaging: Initializing bridge on interface 0.0.0.0:0 to multicast group 230.0.0.1:6666.
[2018.03.06-20.56.06:779][  0]SourceControl: Info Source control is disabled
[2018.03.06-20.56.06:783][  0]SourceControl: Info Source control is disabled
[2018.03.06-20.56.06:823][  0]SourceControl: Info Source control is disabled
[2018.03.06-20.56.06:858][  0]SourceControl: Info Source control is disabled
[2018.03.06-20.56.07:692][  0]LogEngine: Initializing Engine...
[2018.03.06-20.56.07:784][  0]LogHMD: Failed to initialize OpenVR with code 126
[2018.03.06-20.56.08:095][  0]LogAIModule: Creating AISystem for world Untitled
[2018.03.06-20.56.08:139][  0]LogInit: XAudio2 using 'Speakers (Realtek High Definition Audio)' : 8 channels at 48 kHz using 32 bits per sample (channel mask 0x63f)
[2018.03.06-20.56.08:468][  0]LogInit: FAudioDevice initialized.
[2018.03.06-20.56.08:541][  0]LogDerivedDataCache: Saved boot cache 0.07s 88MB C:/Users/PDV/AppData/Local/UnrealEngine/4.13/DerivedDataCache/Boot.ddc.
[2018.03.06-20.56.08:559][  0]LogInit: Texture streaming: Enabled
[2018.03.06-20.56.08:663][  0]LogInit: Transaction tracking system initialized
[2018.03.06-20.56.08:755][  0]BlueprintLog: New page: Editor Load
[2018.03.06-20.56.09:166][  0]LocalizationService: Info Localization service is disabled
[2018.03.06-20.56.09:474][  0]LogConsoleResponse:Display: 
[2018.03.06-20.56.09:736][  0]LogCook:Display: Max memory allowance for cook 16384mb min free memory 0mb
[2018.03.06-20.56.09:736][  0]LogCook:Display: Mobile HDR setting 0
[2018.03.06-20.56.09:836][  0]LogFileCache: Scanning file cache for directory 'D:/UnrealProjects/vrWTrigo9mult/Content/' took 0.02s
[2018.03.06-20.56.10:244][  0]SourceControl: Info Source control is disabled
[2018.03.06-20.56.10:244][  0]Cmd: MAP LOAD FILE="D:/UnrealProjects/vrWTrigo9mult/Content/VirtualRealityBP/Maps/MotionControllerMap.umap" TEMPLATE=0 SHOWPROGRESS=1 FEATURELEVEL=3
[2018.03.06-20.56.10:323][  0]LightingResults: New page: Lighting Build
[2018.03.06-20.56.10:327][  0]MapCheck: New page: Map Check
[2018.03.06-20.56.10:328][  0]LightingResults: New page: Lighting Build
[2018.03.06-20.56.19:788][  0]LogStaticMesh: Building static mesh species1_male_head...
[2018.03.06-20.56.34:733][  0]LogStaticMesh: Built static mesh [14.95s] /Game/wespe-parts/species1_male_head.species1_male_head
[2018.03.06-20.56.37:130][  0]LogStaticMesh: Building static mesh species1_male_gaster...
[2018.03.06-20.58.06:657][  0]LogStaticMesh: Built static mesh [89.53s] /Game/wespe-parts/species1_male_gaster.species1_male_gaster
[2018.03.06-20.58.09:841][  0]LogStaticMesh: Building static mesh species1_male_left_wings...
[2018.03.06-20.58.15:997][  0]LogStaticMesh: Built static mesh [6.16s] /Game/wespe-parts/species1_male_left_wings.species1_male_left_wings
[2018.03.06-20.58.16:007][  0]LogStaticMesh: Building static mesh species1_male_mandibles_of_last_instar_larva...
[2018.03.06-20.58.16:036][  0]LogStaticMesh: Built static mesh [0.03s] /Game/wespe-parts/species1_male_mandibles_of_last_instar_larva.species1_male_mandibles_of_last_instar_larva
[2018.03.06-20.58.16:037][  0]LogStaticMesh: Building static mesh species1_male_meconium...
[2018.03.06-20.58.18:093][  0]LogStaticMesh: Built static mesh [2.06s] /Game/wespe-parts/species1_male_meconium.species1_male_meconium
[2018.03.06-20.58.18:096][  0]LogStaticMesh: Building static mesh species1_male_mesocoxa_left...
[2018.03.06-20.58.19:031][  0]LogStaticMesh: Built static mesh [0.94s] /Game/wespe-parts/species1_male_mesocoxa_left.species1_male_mesocoxa_left
[2018.03.06-20.58.19:033][  0]LogStaticMesh: Building static mesh species1_male_mesocoxa_right...
[2018.03.06-20.58.19:767][  0]LogStaticMesh: Built static mesh [0.73s] /Game/wespe-parts/species1_male_mesocoxa_right.species1_male_mesocoxa_right
[2018.03.06-20.58.19:773][  0]LogStaticMesh: Building static mesh species1_male_mesofemur_left...
[2018.03.06-20.58.20:742][  0]LogStaticMesh: Built static mesh [0.97s] /Game/wespe-parts/species1_male_mesofemur_left.species1_male_mesofemur_left
[2018.03.06-20.58.20:743][  0]LogStaticMesh: Building static mesh species1_male_mesofemur_right...
[2018.03.06-20.58.21:667][  0]LogStaticMesh: Built static mesh [0.92s] /Game/wespe-parts/species1_male_mesofemur_right.species1_male_mesofemur_right
[2018.03.06-20.58.21:669][  0]LogStaticMesh: Building static mesh species1_male_mesopectus...
[2018.03.06-20.58.24:545][  0]LogStaticMesh: Built static mesh [2.88s] /Game/wespe-parts/species1_male_mesopectus.species1_male_mesopectus
[2018.03.06-20.58.24:553][  0]LogStaticMesh: Building static mesh species1_male_mesophragma...
[2018.03.06-20.58.26:194][  0]LogStaticMesh: Built static mesh [1.64s] /Game/wespe-parts/species1_male_mesophragma.species1_male_mesophragma
[2018.03.06-20.58.26:198][  0]LogStaticMesh: Building static mesh species1_male_mesoscutellum...
[2018.03.06-20.58.30:725][  0]LogStaticMesh: Built static mesh [4.53s] /Game/wespe-parts/species1_male_mesoscutellum.species1_male_mesoscutellum
[2018.03.06-20.58.30:727][  0]LogStaticMesh: Building static mesh species1_male_mesoscutum...
[2018.03.06-20.58.36:668][  0]LogStaticMesh: Built static mesh [5.94s] /Game/wespe-parts/species1_male_mesoscutum.species1_male_mesoscutum
[2018.03.06-20.58.36:670][  0]LogStaticMesh: Building static mesh species1_male_mesotarsus_left...
[2018.03.06-20.58.37:028][  0]LogStaticMesh: Built static mesh [0.36s] /Game/wespe-parts/species1_male_mesotarsus_left.species1_male_mesotarsus_left
[2018.03.06-20.58.37:029][  0]LogStaticMesh: Building static mesh species1_male_mesotarsus_right...
[2018.03.06-20.58.37:430][  0]LogStaticMesh: Built static mesh [0.40s] /Game/wespe-parts/species1_male_mesotarsus_right.species1_male_mesotarsus_right
[2018.03.06-20.58.37:430][  0]LogStaticMesh: Building static mesh species1_male_mesotibia_left...
[2018.03.06-20.58.38:458][  0]LogStaticMesh: Built static mesh [1.03s] /Game/wespe-parts/species1_male_mesotibia_left.species1_male_mesotibia_left
[2018.03.06-20.58.38:459][  0]LogStaticMesh: Building static mesh species1_male_mesotibia_right...
[2018.03.06-20.58.39:193][  0]LogStaticMesh: Built static mesh [0.73s] /Game/wespe-parts/species1_male_mesotibia_right.species1_male_mesotibia_right
[2018.03.06-20.58.39:193][  0]LogStaticMesh: Building static mesh species1_male_mesotrochanter_left...
[2018.03.06-20.58.39:511][  0]LogStaticMesh: Built static mesh [0.32s] /Game/wespe-parts/species1_male_mesotrochanter_left.species1_male_mesotrochanter_left
[2018.03.06-20.58.39:512][  0]LogStaticMesh: Building static mesh species1_male_mesotrochanter_right...
[2018.03.06-20.58.39:783][  0]LogStaticMesh: Built static mesh [0.27s] /Game/wespe-parts/species1_male_mesotrochanter_right.species1_male_mesotrochanter_right
[2018.03.06-20.58.39:784][  0]LogStaticMesh: Building static mesh species1_male_metacoxa_left...
[2018.03.06-20.58.41:471][  0]LogStaticMesh: Built static mesh [1.69s] /Game/wespe-parts/species1_male_metacoxa_left.species1_male_metacoxa_left
[2018.03.06-20.58.41:473][  0]LogStaticMesh: Building static mesh species1_male_metacoxa_right...
[2018.03.06-20.58.43:185][  0]LogStaticMesh: Built static mesh [1.71s] /Game/wespe-parts/species1_male_metacoxa_right.species1_male_metacoxa_right
[2018.03.06-20.58.43:187][  0]LogStaticMesh: Building static mesh species1_male_metafemur_left...
[2018.03.06-20.58.46:474][  0]LogStaticMesh: Built static mesh [3.29s] /Game/wespe-parts/species1_male_metafemur_left.species1_male_metafemur_left
[2018.03.06-20.58.46:476][  0]LogStaticMesh: Building static mesh species1_male_metafemur_right...
[2018.03.06-20.58.47:899][  0]LogStaticMesh: Built static mesh [1.42s] /Game/wespe-parts/species1_male_metafemur_right.species1_male_metafemur_right
[2018.03.06-20.58.47:900][  0]LogStaticMesh: Building static mesh species1_male_metanotum...
[2018.03.06-20.58.48:986][  0]LogStaticMesh: Built static mesh [1.09s] /Game/wespe-parts/species1_male_metanotum.species1_male_metanotum
[2018.03.06-20.58.48:988][  0]LogStaticMesh: Building static mesh species1_male_metapectal-propodeal_complex...
[2018.03.06-20.59.02:137][  0]LogStaticMesh: Built static mesh [13.15s] /Game/wespe-parts/species1_male_metapectal-propodeal_complex.species1_male_metapectal-propodeal_complex
[2018.03.06-20.59.02:143][  0]LogStaticMesh: Building static mesh species1_male_metatarsus_left...
[2018.03.06-20.59.02:613][  0]LogStaticMesh: Built static mesh [0.47s] /Game/wespe-parts/species1_male_metatarsus_left.species1_male_metatarsus_left
[2018.03.06-20.59.02:615][  0]LogStaticMesh: Building static mesh species1_male_metatarsus_right...
[2018.03.06-20.59.03:130][  0]LogStaticMesh: Built static mesh [0.52s] /Game/wespe-parts/species1_male_metatarsus_right.species1_male_metatarsus_right
[2018.03.06-20.59.03:134][  0]LogStaticMesh: Building static mesh species1_male_metatibia_left...
[2018.03.06-20.59.04:473][  0]LogStaticMesh: Built static mesh [1.34s] /Game/wespe-parts/species1_male_metatibia_left.species1_male_metatibia_left
[2018.03.06-20.59.04:475][  0]LogStaticMesh: Building static mesh species1_male_metatibia_right...
[2018.03.06-20.59.05:623][  0]LogStaticMesh: Built static mesh [1.15s] /Game/wespe-parts/species1_male_metatibia_right.species1_male_metatibia_right
[2018.03.06-20.59.05:624][  0]LogStaticMesh: Building static mesh species1_male_metatrochanter_left...
[2018.03.06-20.59.06:017][  0]LogStaticMesh: Built static mesh [0.39s] /Game/wespe-parts/species1_male_metatrochanter_left.species1_male_metatrochanter_left
[2018.03.06-20.59.06:018][  0]LogStaticMesh: Building static mesh species1_male_metatrochanter_right...
[2018.03.06-20.59.06:272][  0]LogStaticMesh: Built static mesh [0.26s] /Game/wespe-parts/species1_male_metatrochanter_right.species1_male_metatrochanter_right
[2018.03.06-20.59.06:273][  0]LogStaticMesh: Building static mesh species1_male_petiole...
[2018.03.06-20.59.08:199][  0]LogStaticMesh: Built static mesh [1.93s] /Game/wespe-parts/species1_male_petiole.species1_male_petiole
[2018.03.06-20.59.08:205][  0]LogStaticMesh: Building static mesh species1_male_procoxa_left...
[2018.03.06-20.59.08:664][  0]LogStaticMesh: Built static mesh [0.46s] /Game/wespe-parts/species1_male_procoxa_left.species1_male_procoxa_left
[2018.03.06-20.59.08:665][  0]LogStaticMesh: Building static mesh species1_male_procoxa_right...
[2018.03.06-20.59.09:212][  0]LogStaticMesh: Built static mesh [0.55s] /Game/wespe-parts/species1_male_procoxa_right.species1_male_procoxa_right
[2018.03.06-20.59.09:213][  0]LogStaticMesh: Building static mesh species1_male_profemur_left...
[2018.03.06-20.59.10:118][  0]LogStaticMesh: Built static mesh [0.90s] /Game/wespe-parts/species1_male_profemur_left.species1_male_profemur_left
[2018.03.06-20.59.10:121][  0]LogStaticMesh: Building static mesh species1_male_profemur_right...
[2018.03.06-20.59.11:805][  0]LogStaticMesh: Built static mesh [1.68s] /Game/wespe-parts/species1_male_profemur_right.species1_male_profemur_right
[2018.03.06-20.59.11:811][  0]LogStaticMesh: Building static mesh species1_male_pronotum_and_prepectal_shelf...
[2018.03.06-20.59.14:880][  0]LogStaticMesh: Built static mesh [3.07s] /Game/wespe-parts/species1_male_pronotum_and_prepectal_shelf.species1_male_pronotum_and_prepectal_shelf
[2018.03.06-20.59.14:884][  0]LogStaticMesh: Building static mesh species1_male_propleuron_left...
[2018.03.06-20.59.15:743][  0]LogStaticMesh: Built static mesh [0.86s] /Game/wespe-parts/species1_male_propleuron_left.species1_male_propleuron_left
[2018.03.06-20.59.15:745][  0]LogStaticMesh: Building static mesh species1_male_propleuron_right...
[2018.03.06-20.59.16:702][  0]LogStaticMesh: Built static mesh [0.96s] /Game/wespe-parts/species1_male_propleuron_right.species1_male_propleuron_right
[2018.03.06-20.59.16:710][  0]LogStaticMesh: Building static mesh species1_male_prosternum...
[2018.03.06-20.59.17:198][  0]LogStaticMesh: Built static mesh [0.49s] /Game/wespe-parts/species1_male_prosternum.species1_male_prosternum
[2018.03.06-20.59.17:201][  0]LogStaticMesh: Building static mesh species1_male_protarsus_left...
[2018.03.06-20.59.17:716][  0]LogStaticMesh: Built static mesh [0.52s] /Game/wespe-parts/species1_male_protarsus_left.species1_male_protarsus_left
[2018.03.06-20.59.17:717][  0]LogStaticMesh: Building static mesh species1_male_protarsus_right...
[2018.03.06-20.59.18:249][  0]LogStaticMesh: Built static mesh [0.53s] /Game/wespe-parts/species1_male_protarsus_right.species1_male_protarsus_right
[2018.03.06-20.59.18:255][  0]LogStaticMesh: Building static mesh species1_male_protibia_left...
[2018.03.06-20.59.20:136][  0]LogStaticMesh: Built static mesh [1.88s] /Game/wespe-parts/species1_male_protibia_left.species1_male_protibia_left
[2018.03.06-20.59.20:141][  0]LogStaticMesh: Building static mesh species1_male_protibia_right...
[2018.03.06-20.59.21:677][  0]LogStaticMesh: Built static mesh [1.54s] /Game/wespe-parts/species1_male_protibia_right.species1_male_protibia_right
[2018.03.06-20.59.21:683][  0]LogStaticMesh: Building static mesh species1_male_protrochanter_left...
[2018.03.06-20.59.21:965][  0]LogStaticMesh: Built static mesh [0.28s] /Game/wespe-parts/species1_male_protrochanter_left.species1_male_protrochanter_left
[2018.03.06-20.59.21:967][  0]LogStaticMesh: Building static mesh species1_male_protrochanter_right...
[2018.03.06-20.59.22:349][  0]LogStaticMesh: Built static mesh [0.38s] /Game/wespe-parts/species1_male_protrochanter_right.species1_male_protrochanter_right
[2018.03.06-20.59.22:350][  0]LogStaticMesh: Building static mesh species1_male_right_wings...
[2018.03.06-20.59.26:818][  0]LogStaticMesh: Built static mesh [4.47s] /Game/wespe-parts/species1_male_right_wings.species1_male_right_wings
[2018.03.06-20.59.26:832][  0]LogStaticMesh: Building static mesh species1_male_scale_bar...
[2018.03.06-20.59.26:850][  0]LogStaticMesh: Built static mesh [0.02s] /Game/wespe-parts/species1_male_scale_bar.species1_male_scale_bar
[2018.03.06-20.59.26:850][  0]LogStaticMesh: Building static mesh species1_male_tegula_left...
[2018.03.06-20.59.27:016][  0]LogStaticMesh: Built static mesh [0.17s] /Game/wespe-parts/species1_male_tegula_left.species1_male_tegula_left
[2018.03.06-20.59.27:016][  0]LogStaticMesh: Building static mesh species1_male_tegula_right...
[2018.03.06-20.59.27:248][  0]LogStaticMesh: Built static mesh [0.23s] /Game/wespe-parts/species1_male_tegula_right.species1_male_tegula_right
[2018.03.06-20.59.27:252][  0]LogMaterial: Missing cached shader map for material Material, compiling. 
[2018.03.06-20.59.30:067][  0]LogStaticMesh: Building static mesh species1_male...
[2018.03.06-21.02.12:473][  0]LogStaticMesh: Built static mesh [162.41s] /Game/wespe/species1_male.species1_male
[2018.03.06-21.02.12:578][  0]LogStaticMesh: Building static mesh species1_male_larval_cephalo-pharyngeal_skeleton...
[2018.03.06-21.02.14:049][  0]LogStaticMesh: Built static mesh [1.47s] /Game/wespe-parts/species1_male_larval_cephalo-pharyngeal_skeleton.species1_male_larval_cephalo-pharyngeal_skeleton
[2018.03.06-21.02.14:051][  0]LogStaticMesh: Building static mesh species1_male_left_half_of_pupa...
[2018.03.06-21.02.16:562][  0]LogStaticMesh: Built static mesh [2.51s] /Game/wespe-parts/species1_male_left_half_of_pupa.species1_male_left_half_of_pupa
[2018.03.06-21.02.16:565][  0]LogStaticMesh: Building static mesh species1_male_left_half_of_puparium...
[2018.03.06-21.02.18:858][  0]LogStaticMesh: Built static mesh [2.29s] /Game/wespe-parts/species1_male_left_half_of_puparium.species1_male_left_half_of_puparium
[2018.03.06-21.02.18:862][  0]LogStaticMesh: Building static mesh species1_male_right_half_of_pupa...
[2018.03.06-21.02.21:238][  0]LogStaticMesh: Built static mesh [2.38s] /Game/wespe-parts/species1_male_right_half_of_pupa.species1_male_right_half_of_pupa
[2018.03.06-21.02.21:241][  0]LogStaticMesh: Building static mesh species1_male_right_half_of_puparium...
[2018.03.06-21.02.23:687][  0]LogStaticMesh: Built static mesh [2.45s] /Game/wespe-parts/species1_male_right_half_of_puparium.species1_male_right_half_of_puparium
[2018.03.06-21.02.23:708][  0]LogMaterial: Missing cached shader map for material puparium, compiling. 
[2018.03.06-21.02.24:566][  0]LogMaterial: Missing cached shader map for material pupal_skin, compiling. 
[2018.03.06-21.02.25:660][  0]LogMaterial: Missing cached shader map for material mouth_hooks, compiling. 
[2018.03.06-21.02.31:296][  0]LogMaterial: Missing cached shader map for material scale_bar, compiling. 
[2018.03.06-21.02.33:604][  0]LogMaterial: Missing cached shader map for material scale_bar, compiling. 
[2018.03.06-21.02.33:626][  0]LogMaterial: Missing cached shader map for material puparium, compiling. 
[2018.03.06-21.02.33:646][  0]LogMaterial: Missing cached shader map for material pupal_skin, compiling. 
[2018.03.06-21.02.33:673][  0]LogMaterial: Missing cached shader map for material mouth_hooks, compiling. 
[2018.03.06-21.02.33:700][  0]LogMaterial: Missing cached shader map for material Material, compiling. 
[2018.03.06-21.03.06:368][  0]LogAIModule: Creating AISystem for world MotionControllerMap
[2018.03.06-21.03.06:489][  0]LogEditorServer: Finished looking for orphan Actors (0.000 secs)
[2018.03.06-21.03.06:493][  0]Cmd: MAP CHECKDEP NOCLEARLOG
[2018.03.06-21.03.06:818][  0]MapCheck: Info Map check complete: 0 Error(s), 0 Warning(s), took 324.92ms to complete.
[2018.03.06-21.03.06:819][  0]LogFileHelpers: Loading map 'MotionControllerMap' took 416.574
[2018.03.06-21.03.06:997][  0]LogCollectionManager: Loaded 0 collections in 0.001879 seconds
[2018.03.06-21.03.07:041][  0]LogFileCache: Scanning file cache for directory 'D:/UnrealProjects/vrWTrigo9mult/Saved/Collections/' took 0.01s
[2018.03.06-21.03.07:041][  0]LogFileCache: Scanning file cache for directory 'D:/UnrealProjects/vrWTrigo9mult/Content/Developers/PDV/Collections/' took 0.01s
[2018.03.06-21.03.07:041][  0]LogFileCache: Scanning file cache for directory 'D:/UnrealProjects/vrWTrigo9mult/Content/Collections/' took 0.01s
[2018.03.06-21.03.07:041][  0]LogCollectionManager: Rebuilt the GUID cache for 0 collections in 0.000003 seconds
[2018.03.06-21.03.07:054][  0]LogContentBrowser: Native class hierarchy populated in 0.0128 seconds. Added 2141 classes and 415 folders.
[2018.03.06-21.03.07:058][  0]LogStats: UGameplayTagsManager::ConstructGameplayTagTree: Construct from data asset -  0.000 s
[2018.03.06-21.03.07:058][  0]LogStats: UGameplayTagsManager::ConstructGameplayTagTree: GameplayTagTreeChangedEvent.Broadcast -  0.000 s
[2018.03.06-21.03.07:058][  0]LogContentBrowser: Native class hierarchy updated for 'GameplayTags' in 0.0006 seconds. Added 12 classes and 0 folders.
[2018.03.06-21.03.07:063][  0]LogContentBrowser: Native class hierarchy updated for 'WidgetCarousel' in 0.0007 seconds. Added 0 classes and 0 folders.
[2018.03.06-21.03.07:153][  0]LogContentBrowser: Native class hierarchy updated for 'AddContentDialog' in 0.0005 seconds. Added 0 classes and 0 folders.
[2018.03.06-21.03.07:159][  0]LogContentBrowser: Native class hierarchy updated for 'SceneOutliner' in 0.0006 seconds. Added 1 classes and 2 folders.
[2018.03.06-21.03.07:179][  0]LogCrashTracker: Crashtracker disabled due to settings.
[2018.03.06-21.03.07:186][  0]LogUObjectGlobals:Warning: Failed to find object 'Class None.'
[2018.03.06-21.03.07:219][  0]LogContentBrowser: Native class hierarchy updated for 'HierarchicalLODOutliner' in 0.0008 seconds. Added 1 classes and 2 folders.
[2018.03.06-21.03.07:220][  0]LogLoad: (Engine Initialization) Total time: 433.99 seconds
[2018.03.06-21.03.07:220][  0]LogLoad: (Engine Initialization) Total Blueprint compile time: 0.77 seconds
[2018.03.06-21.03.07:220][  0]LogExternalProfiler: No external profilers were discovered.  External profiling features will not be available.
[2018.03.06-21.03.07:559][  0]LogOcInput: OculusInput pre-init called
[2018.03.06-21.03.07:579][  0]LogContentStreaming: Texture pool size now 1000 MB
[2018.03.06-21.03.07:745][  0]LogRenderer: Reallocating scene render targets to support 956x376 (Frame:2).
[2018.03.06-21.03.08:670][  3]LogAssetRegistry: Asset discovery search completed in 425.9341 seconds
[2018.03.06-21.03.08:670][  3]LogCollectionManager: Rebuilt the object cache for 0 collections in 0.000001 seconds (found 0 objects)
[2018.03.06-21.03.08:670][  3]LogCollectionManager: Fixed up redirectors for 0 collections in 0.000039 seconds (updated 0 objects)
[2018.03.06-22.29.02:209][744]LogEditorViewport: Clicking on Actor (LMB): StaticMeshActor (blender_animtest4)
[2018.03.06-22.29.02:975][776]LogEditorViewport: Clicking on Actor (LMB): aTrig_Child74_C (aTrig_Child74)
[2018.03.06-22.29.07:014][ 15]LogEditorViewport: Clicking on Actor (LMB): aTrig_Child75_C (aTrig_Child75)
[2018.03.06-22.29.14:680][269]LogContentBrowser: Native class hierarchy updated for 'BlueprintGraph' in 0.0018 seconds. Added 112 classes and 0 folders.
[2018.03.06-22.30.23:014][655]LogRenderer: Reallocating scene render targets to support 956x424 (Frame:600).
[2018.03.06-22.32.55:622][ 70]LogActorComponent: UnregisterComponent: (/Engine/Transient.EditorFloorComp) Not registered. Aborting.
[2018.03.06-22.48.48:567][ 17]Cmd: QUIT_EDITOR
[2018.03.06-22.48.48:601][ 17]LogWindowsTextInputMethodSystem:Display: IME system now deactivated.
[2018.03.06-22.48.48:633][ 17]LogExit: Preparing to exit.
[2018.03.06-22.48.49:997][ 17]LogExit: Editor shut down
[2018.03.06-22.48.49:999][ 17]LogExit: Transaction tracking system shut down
[2018.03.06-22.48.53:893][ 17]LogObj: Freed 0b from 0 cluster array pools.
[2018.03.06-22.48.53:893][ 17]LogExit: Object subsystem successfully closed.
[2018.03.06-22.48.54:502][ 17]LogD3D11RHI: Shutdown
[2018.03.06-22.48.54:502][ 17]LogD3D11RHI: CleanupD3DDevice
[2018.03.06-22.48.55:050][ 17]LogD3D11RHI: ~FD3D11DynamicRHI
[2018.03.06-22.48.55:073][ 17]LogModuleManager: Shutting down and abandoning module BlueprintGraph (235)
[2018.03.06-22.48.55:073][ 17]LogModuleManager: Shutting down and abandoning module BlueprintProfiler (234)
[2018.03.06-22.48.55:073][ 17]LogModuleManager: Shutting down and abandoning module HierarchicalLODOutliner (233)
[2018.03.06-22.48.55:073][ 17]LogModuleManager: Shutting down and abandoning module CrashTracker (232)
[2018.03.06-22.48.55:073][ 17]LogModuleManager: Shutting down and abandoning module SceneOutliner (231)
[2018.03.06-22.48.55:073][ 17]LogModuleManager: Shutting down and abandoning module WidgetCarousel (230)
[2018.03.06-22.48.55:073][ 17]LogModuleManager: Shutting down and abandoning module AddContentDialog (229)
[2018.03.06-22.48.55:073][ 17]LogDirectoryWatcher: A directory notification for 'C:/Program Files/Epic Games/UE_4.13/FeaturePacks/' was aborted.
[2018.03.06-22.48.55:087][ 17]LogModuleManager: Shutting down and abandoning module GameplayTags (228)
[2018.03.06-22.48.55:087][ 17]LogModuleManager: Shutting down and abandoning module EditorWidgets (227)
[2018.03.06-22.48.55:087][ 17]LogModuleManager: Shutting down and abandoning module CollectionManager (226)
[2018.03.06-22.48.55:087][ 17]LogDirectoryWatcher: A directory notification for 'D:/UnrealProjects/vrWTrigo9mult/Content/Collections/' was aborted.
[2018.03.06-22.48.55:087][ 17]LogDirectoryWatcher: A directory notification for 'D:/UnrealProjects/vrWTrigo9mult/Content/Developers/PDV/Collections/' was aborted.
[2018.03.06-22.48.55:087][ 17]LogDirectoryWatcher: A directory notification for 'D:/UnrealProjects/vrWTrigo9mult/Saved/Collections/' was aborted.
[2018.03.06-22.48.55:087][ 17]LogModuleManager: Shutting down and abandoning module StatsViewer (225)
[2018.03.06-22.48.55:087][ 17]LogModuleManager: Shutting down and abandoning module FoliageEdit (224)
[2018.03.06-22.48.55:087][ 17]LogModuleManager: Shutting down and abandoning module LandscapeEditor (223)
[2018.03.06-22.48.55:087][ 17]LogModuleManager: Shutting down and abandoning module SceneDepthPickerMode (222)
[2018.03.06-22.48.55:087][ 17]LogModuleManager: Shutting down and abandoning module ActorPickerMode (221)
[2018.03.06-22.48.55:087][ 17]LogModuleManager: Shutting down and abandoning module GeometryMode (220)
[2018.03.06-22.48.55:087][ 17]LogModuleManager: Shutting down and abandoning module TextureAlignMode (219)
[2018.03.06-22.48.55:087][ 17]LogModuleManager: Shutting down and abandoning module BspMode (218)
[2018.03.06-22.48.55:087][ 17]LogModuleManager: Shutting down and abandoning module HardwareSurvey (217)
[2018.03.06-22.48.55:087][ 17]LogModuleManager: Shutting down and abandoning module SequenceRecorderSections (216)
[2018.03.06-22.48.55:087][ 17]LogModuleManager: Shutting down and abandoning module SequenceRecorder (215)
[2018.03.06-22.48.55:088][ 17]LogModuleManager: Shutting down and abandoning module AutomationWorker (214)
[2018.03.06-22.48.55:088][ 17]LogModuleManager: Shutting down and abandoning module MatineeToLevelSequence (213)
[2018.03.06-22.48.55:088][ 17]LogModuleManager: Shutting down and abandoning module PlacementMode (212)
[2018.03.06-22.48.55:088][ 17]LogModuleManager: Shutting down and abandoning module LevelSequenceEditor (211)
[2018.03.06-22.48.55:088][ 17]LogModuleManager: Shutting down and abandoning module WmfMediaFactory (210)
[2018.03.06-22.48.55:088][ 17]LogModuleManager: Shutting down and abandoning module WmfMediaEditor (209)
[2018.03.06-22.48.55:088][ 17]LogModuleManager: Shutting down and abandoning module AvfMediaFactory (208)
[2018.03.06-22.48.55:088][ 17]LogModuleManager: Shutting down and abandoning module AvfMediaEditor (207)
[2018.03.06-22.48.55:088][ 17]LogModuleManager: Shutting down and abandoning module Media (206)
[2018.03.06-22.48.55:088][ 17]LogModuleManager: Shutting down and abandoning module AndroidMediaFactory (205)
[2018.03.06-22.48.55:088][ 17]LogModuleManager: Shutting down and abandoning module AndroidMediaEditor (204)
[2018.03.06-22.48.55:088][ 17]LogModuleManager: Shutting down and abandoning module CharacterAI (203)
[2018.03.06-22.48.55:088][ 17]LogModuleManager: Shutting down and abandoning module SmartSnapping (202)
[2018.03.06-22.48.55:088][ 17]LogModuleManager: Shutting down and abandoning module SessionServices (201)
[2018.03.06-22.48.55:088][ 17]LogModuleManager: Shutting down and abandoning module ViewportSnapping (200)
[2018.03.06-22.48.55:088][ 17]LogModuleManager: Shutting down and abandoning module ViewportInteraction (199)
[2018.03.06-22.48.55:088][ 17]LogModuleManager: Shutting down and abandoning module LogVisualizer (198)
[2018.03.06-22.48.55:088][ 17]LogModuleManager: Shutting down and abandoning module GameProjectGeneration (197)
[2018.03.06-22.48.55:088][ 17]LogModuleManager: Shutting down and abandoning module IntroTutorials (196)
[2018.03.06-22.48.55:089][ 17]LogModuleManager: Shutting down and abandoning module EditorLiveStreaming (195)
[2018.03.06-22.48.55:089][ 17]LogModuleManager: Shutting down and abandoning module IOSPlatformEditor (194)
[2018.03.06-22.48.55:089][ 17]LogModuleManager: Shutting down and abandoning module HTML5PlatformEditor (193)
[2018.03.06-22.48.55:089][ 17]LogModuleManager: Shutting down and abandoning module AndroidDeviceDetection (192)
[2018.03.06-22.48.55:773][ 17]LogModuleManager: Shutting down and abandoning module AndroidPlatformEditor (191)
[2018.03.06-22.48.55:773][ 17]LogModuleManager: Shutting down and abandoning module IOSRuntimeSettings (190)
[2018.03.06-22.48.55:773][ 17]LogModuleManager: Shutting down and abandoning module AndroidRuntimeSettings (189)
[2018.03.06-22.48.55:773][ 17]LogModuleManager: Shutting down and abandoning module NiagaraEditor (188)
[2018.03.06-22.48.55:773][ 17]LogModuleManager: Shutting down and abandoning module MergeActors (187)
[2018.03.06-22.48.55:773][ 17]LogModuleManager: Shutting down and abandoning module SizeMap (186)
[2018.03.06-22.48.55:773][ 17]LogModuleManager: Shutting down and abandoning module TreeMap (185)
[2018.03.06-22.48.55:773][ 17]LogModuleManager: Shutting down and abandoning module ReferenceViewer (184)
[2018.03.06-22.48.55:773][ 17]LogModuleManager: Shutting down and abandoning module LocalizationService (183)
[2018.03.06-22.48.55:773][ 17]LogModuleManager: Shutting down and abandoning module LocalizationDashboard (182)
[2018.03.06-22.48.55:773][ 17]LogModuleManager: Shutting down and abandoning module HardwareTargeting (181)
[2018.03.06-22.48.55:773][ 17]LogModuleManager: Shutting down and abandoning module DeviceProfileEditor (180)
[2018.03.06-22.48.55:773][ 17]LogModuleManager: Shutting down and abandoning module UndoHistory (179)
[2018.03.06-22.48.55:773][ 17]LogModuleManager: Shutting down and abandoning module UserFeedback (178)
[2018.03.06-22.48.55:773][ 17]LogModuleManager: Shutting down and abandoning module XmlParser (177)
[2018.03.06-22.48.55:773][ 17]LogModuleManager: Shutting down and abandoning module Blutility (176)
[2018.03.06-22.48.55:773][ 17]LogModuleManager: Shutting down and abandoning module ProjectTargetPlatformEditor (175)
[2018.03.06-22.48.55:774][ 17]LogModuleManager: Shutting down and abandoning module ProjectSettingsViewer (174)
[2018.03.06-22.48.55:774][ 17]LogModuleManager: Shutting down and abandoning module InputBindingEditor (173)
[2018.03.06-22.48.55:774][ 17]LogModuleManager: Shutting down and abandoning module EditorSettingsViewer (172)
[2018.03.06-22.48.55:774][ 17]LogModuleManager: Shutting down and abandoning module SettingsEditor (171)
[2018.03.06-22.48.55:774][ 17]LogModuleManager: Shutting down and abandoning module ProjectLauncher (170)
[2018.03.06-22.48.55:774][ 17]LogModuleManager: Shutting down and abandoning module SessionFrontend (169)
[2018.03.06-22.48.55:774][ 17]LogModuleManager: Shutting down and abandoning module ProfilerClient (168)
[2018.03.06-22.48.55:775][ 17]LogModuleManager: Shutting down and abandoning module TargetDeviceServices (167)
[2018.03.06-22.48.55:775][ 17]LogModuleManager: Shutting down and abandoning module DeviceManager (166)
[2018.03.06-22.48.55:818][ 17]LogModuleManager: Shutting down and abandoning module AutomationController (165)
[2018.03.06-22.48.55:818][ 17]LogModuleManager: Shutting down and abandoning module AutomationWindow (164)
[2018.03.06-22.48.55:818][ 17]LogModuleManager: Shutting down and abandoning module Layers (163)
[2018.03.06-22.48.55:818][ 17]LogModuleManager: Shutting down and abandoning module ComponentVisualizers (162)
[2018.03.06-22.48.55:818][ 17]LogModuleManager: Shutting down and abandoning module DetailCustomizations (161)
[2018.03.06-22.48.55:818][ 17]LogModuleManager: Shutting down and abandoning module PackagesDialog (160)
[2018.03.06-22.48.55:818][ 17]LogModuleManager: Shutting down and abandoning module AnimGraph (159)
[2018.03.06-22.48.55:818][ 17]LogModuleManager: Shutting down and abandoning module Persona (158)
[2018.03.06-22.48.55:818][ 17]LogModuleManager: Shutting down and abandoning module Kismet (157)
[2018.03.06-22.48.55:826][ 17]LogModuleManager: Shutting down and abandoning module GraphEditor (156)
[2018.03.06-22.48.55:826][ 17]LogModuleManager: Shutting down and abandoning module ClassViewer (155)
[2018.03.06-22.48.55:826][ 17]LogModuleManager: Shutting down and abandoning module Toolbox (154)
[2018.03.06-22.48.55:826][ 17]LogModuleManager: Shutting down and abandoning module ModuleUI (153)
[2018.03.06-22.48.55:826][ 17]LogModuleManager: Shutting down and abandoning module MovieSceneTools (152)
[2018.03.06-22.48.55:826][ 17]LogModuleManager: Shutting down and abandoning module OutputLog (151)
[2018.03.06-22.48.55:826][ 17]LogModuleManager: Shutting down and abandoning module GammaUI (150)
[2018.03.06-22.48.55:826][ 17]LogModuleManager: Shutting down and abandoning module Documentation (149)
[2018.03.06-22.48.55:826][ 17]LogModuleManager: Shutting down and abandoning module Niagara (148)
[2018.03.06-22.48.55:826][ 17]LogModuleManager: Shutting down and abandoning module StreamingPauseRendering (147)
[2018.03.06-22.48.55:826][ 17]LogModuleManager: Shutting down and abandoning module AnalyticsET (146)
[2018.03.06-22.48.55:826][ 17]LogModuleManager: Shutting down and abandoning module PortalServices (145)
[2018.03.06-22.48.55:826][ 17]LogModuleManager: Shutting down and abandoning module PortalRpc (144)
[2018.03.06-22.48.55:826][ 17]LogModuleManager: Shutting down and abandoning module MessagingRpc (143)
[2018.03.06-22.48.55:826][ 17]LogModuleManager: Shutting down and abandoning module GameplayDebugger (142)
[2018.03.06-22.48.55:827][ 17]LogModuleManager: Shutting down and abandoning module AITestSuite (141)
[2018.03.06-22.48.55:827][ 17]LogModuleManager: Shutting down and abandoning module AIModule (140)
[2018.03.06-22.48.55:827][ 17]LogModuleManager: Shutting down and abandoning module ProfilerService (139)
[2018.03.06-22.48.55:853][ 17]LogModuleManager: Shutting down and abandoning module TaskGraph (138)
[2018.03.06-22.48.55:853][ 17]LogModuleManager: Shutting down and abandoning module SlateRemote (137)
[2018.03.06-22.48.55:853][ 17]LogModuleManager: Shutting down and abandoning module SteamVRController (136)
[2018.03.06-22.48.55:853][ 17]LogModuleManager: Shutting down and abandoning module SteamVR (135)
[2018.03.06-22.48.55:853][ 17]LogModuleManager: Shutting down and abandoning module ProceduralMeshComponentEditor (134)
[2018.03.06-22.48.55:853][ 17]LogModuleManager: Shutting down and abandoning module ProceduralMeshComponent (133)
[2018.03.06-22.48.55:853][ 17]LogModuleManager: Shutting down and abandoning module OculusLibrary (132)
[2018.03.06-22.48.55:853][ 17]LogModuleManager: Shutting down and abandoning module OculusInput (131)
[2018.03.06-22.48.55:853][ 17]LogModuleManager: Shutting down and abandoning module CustomMeshComponent (130)
[2018.03.06-22.48.55:853][ 17]LogModuleManager: Shutting down and abandoning module CableComponent (129)
[2018.03.06-22.48.55:853][ 17]LogModuleManager: Shutting down and abandoning module ArchVisCharacter (128)
[2018.03.06-22.48.55:853][ 17]LogModuleManager: Shutting down and abandoning module MediaPlayerEditor (126)
[2018.03.06-22.48.55:853][ 17]LogModuleManager: Shutting down and abandoning module HTML5Networking (125)
[2018.03.06-22.48.55:853][ 17]LogModuleManager: Shutting down and abandoning module GeometryCacheEd (124)
[2018.03.06-22.48.55:853][ 17]LogModuleManager: Shutting down and abandoning module GeometryCache (123)
[2018.03.06-22.48.55:853][ 17]LogModuleManager: Shutting down and abandoning module AlembicLibrary (122)
[2018.03.06-22.48.55:853][ 17]LogModuleManager: Shutting down and abandoning module AlembicImporter (121)
[2018.03.06-22.48.55:853][ 17]LogModuleManager: Shutting down and abandoning module SuperSearch (120)
[2018.03.06-22.48.55:853][ 17]LogModuleManager: Shutting down and abandoning module SuperSearchEditor (119)
[2018.03.06-22.48.55:853][ 17]LogModuleManager: Shutting down and abandoning module SpeedTreeImporter (118)
[2018.03.06-22.48.55:853][ 17]LogModuleManager: Shutting down and abandoning module PluginBrowser (117)
[2018.03.06-22.48.55:854][ 17]LogModuleManager: Shutting down and abandoning module MobileLauncherProfileWizard (116)
[2018.03.06-22.48.55:854][ 17]LogModuleManager: Shutting down and abandoning module EpicSurvey (115)
[2018.03.06-22.48.55:854][ 17]LogModuleManager: Shutting down and abandoning module DesktopPlatform (114)
[2018.03.06-22.48.55:854][ 17]LogModuleManager: Shutting down and abandoning module VisualStudioSourceCodeAccess (113)
[2018.03.06-22.48.55:854][ 17]LogModuleManager: Shutting down and abandoning module UObjectPlugin (112)
[2018.03.06-22.48.55:854][ 17]LogModuleManager: Shutting down and abandoning module SubversionSourceControl (111)
[2018.03.06-22.48.55:854][ 17]LogModuleManager: Shutting down and abandoning module PerforceSourceControl (110)
[2018.03.06-22.48.55:854][ 17]LogModuleManager: Shutting down and abandoning module SourceControl (109)
[2018.03.06-22.48.55:854][ 17]LogModuleManager: Shutting down and abandoning module GitSourceControl (108)
[2018.03.06-22.48.55:854][ 17]LogModuleManager: Shutting down and abandoning module LightPropagationVolumeEditor (107)
[2018.03.06-22.48.55:854][ 17]LogModuleManager: Shutting down and abandoning module PaperTiledImporter (106)
[2018.03.06-22.48.55:854][ 17]LogModuleManager: Shutting down and abandoning module PaperSpriteSheetImporter (105)
[2018.03.06-22.48.55:854][ 17]LogModuleManager: Shutting down and abandoning module MeshPaint (104)
[2018.03.06-22.48.55:854][ 17]LogModuleManager: Shutting down and abandoning module FbxAutomationBuilderModule (103)
[2018.03.06-22.48.55:854][ 17]LogModuleManager: Shutting down and abandoning module PixelInspectorModule (102)
[2018.03.06-22.48.55:854][ 17]LogModuleManager: Shutting down and abandoning module HotReload (101)
[2018.03.06-22.48.55:856][ 17]LogModuleManager: Shutting down and abandoning module MainFrame (100)
[2018.03.06-22.48.55:856][ 17]LogModuleManager: Shutting down and abandoning module LevelEditor (99)
[2018.03.06-22.48.55:857][ 17]LogModuleManager: Shutting down and abandoning module ContentBrowser (98)
[2018.03.06-22.48.55:859][ 17]LogModuleManager: Shutting down and abandoning module Paper2DEditor (97)
[2018.03.06-22.48.55:859][ 17]LogModuleManager: Shutting down and abandoning module UdpMessaging (96)
[2018.03.06-22.48.55:959][ 17]LogModuleManager: Shutting down and abandoning module TcpMessaging (95)
[2018.03.06-22.48.56:060][ 17]LogModuleManager: Shutting down and abandoning module LightPropagationVolumeRuntime (94)
[2018.03.06-22.48.56:060][ 17]LogModuleManager: Shutting down and abandoning module Paper2D (93)
[2018.03.06-22.48.56:060][ 17]LogModuleManager: Shutting down and abandoning module WindowsMoviePlayer (92)
[2018.03.06-22.48.56:060][ 17]LogModuleManager: Shutting down and abandoning module WmfMedia (91)
[2018.03.06-22.48.56:063][ 17]LogModuleManager: Shutting down and abandoning module MediaAssets (90)
[2018.03.06-22.48.56:063][ 17]LogModuleManager: Shutting down and abandoning module GameLiveStreaming (89)
[2018.03.06-22.48.56:063][ 17]LogModuleManager: Shutting down and abandoning module GameplayTagsEditor (88)
[2018.03.06-22.48.56:063][ 17]LogModuleManager: Shutting down and abandoning module VREditor (87)
[2018.03.06-22.48.56:063][ 17]LogModuleManager: Shutting down and abandoning module GameplayTasksEditor (86)
[2018.03.06-22.48.56:063][ 17]LogModuleManager: Shutting down and abandoning module PropertyEditor (85)
[2018.03.06-22.48.56:063][ 17]LogModuleManager: Shutting down and abandoning module BehaviorTreeEditor (84)
[2018.03.06-22.48.56:063][ 17]LogModuleManager: Shutting down and abandoning module FunctionalTesting (83)
[2018.03.06-22.48.56:063][ 17]LogModuleManager: Shutting down and abandoning module CollisionAnalyzer (82)
[2018.03.06-22.48.56:063][ 17]LogModuleManager: Shutting down and abandoning module Sequencer (81)
[2018.03.06-22.48.56:063][ 17]LogModuleManager: Shutting down and abandoning module WorkspaceMenuStructure (80)
[2018.03.06-22.48.56:064][ 17]LogModuleManager: Shutting down and abandoning module MessageLog (79)
[2018.03.06-22.48.56:064][ 17]LogModuleManager: Shutting down and abandoning module AssetTools (78)
[2018.03.06-22.48.56:064][ 17]LogModuleManager: Shutting down and abandoning module UMGEditor (77)
[2018.03.06-22.48.56:064][ 17]LogModuleManager: Shutting down and abandoning module UMG (76)
[2018.03.06-22.48.56:064][ 17]LogModuleManager: Shutting down and abandoning module SlateReflector (75)
[2018.03.06-22.48.56:064][ 17]LogModuleManager: Shutting down and abandoning module Slate (74)
[2018.03.06-22.48.56:064][ 17]LogModuleManager: Shutting down and abandoning module EditorStyle (73)
[2018.03.06-22.48.56:067][ 17]LogModuleManager: Shutting down and abandoning module SourceCodeAccess (72)
[2018.03.06-22.48.56:067][ 17]LogModuleManager: Shutting down and abandoning module HeadMountedDisplay (71)
[2018.03.06-22.48.56:067][ 17]LogModuleManager: Shutting down and abandoning module XAudio2 (70)
[2018.03.06-22.48.56:067][ 17]LogModuleManager: Shutting down and abandoning module Networking (68)
[2018.03.06-22.48.56:067][ 17]LogModuleManager: Shutting down and abandoning module Core (67)
[2018.03.06-22.48.56:067][ 17]LogModuleManager: Shutting down and abandoning module DirectoryWatcher (66)
[2018.03.06-22.48.56:067][ 17]LogDirectoryWatcher: A directory notification for '../../../Engine/Content/' was aborted.
[2018.03.06-22.48.56:074][ 17]LogDirectoryWatcher: A directory notification for 'D:/UnrealProjects/vrWTrigo9mult/Content/' was aborted.
[2018.03.06-22.48.56:074][ 17]LogDirectoryWatcher: A directory notification for '../../../Engine/Plugins/2D/Paper2D/Content/' was aborted.
[2018.03.06-22.48.56:078][ 17]LogModuleManager: Shutting down and abandoning module AssetRegistry (65)
[2018.03.06-22.48.56:399][ 17]LogModuleManager: Shutting down and abandoning module KismetCompiler (64)
[2018.03.06-22.48.56:399][ 17]LogModuleManager: Shutting down and abandoning module PhysXFormats (63)
[2018.03.06-22.48.56:399][ 17]LogModuleManager: Shutting down and abandoning module MeshUtilities (62)
[2018.03.06-22.48.56:399][ 17]LogModuleManager: Shutting down and abandoning module DerivedDataCache (61)
[2018.03.06-22.48.56:416][ 17]LogDerivedDataCache: Shutdown
[2018.03.06-22.48.56:416][ 17]LogModuleManager: Shutting down and abandoning module VulkanShaderFormat (60)
[2018.03.06-22.48.56:416][ 17]LogModuleManager: Shutting down and abandoning module ShaderFormatOpenGL (59)
[2018.03.06-22.48.56:416][ 17]LogModuleManager: Shutting down and abandoning module ShaderFormatD3D (58)
[2018.03.06-22.48.56:416][ 17]LogModuleManager: Shutting down and abandoning module MetalShaderFormat (57)
[2018.03.06-22.48.56:416][ 17]LogModuleManager: Shutting down and abandoning module TextureFormatUncompressed (56)
[2018.03.06-22.48.56:416][ 17]LogModuleManager: Shutting down and abandoning module TextureFormatPVR (55)
[2018.03.06-22.48.56:416][ 17]LogModuleManager: Shutting down and abandoning module TextureFormatDXT (54)
[2018.03.06-22.48.56:416][ 17]LogModuleManager: Shutting down and abandoning module TextureFormatIntelISPCTexComp (53)
[2018.03.06-22.48.56:416][ 17]LogModuleManager: Shutting down and abandoning module ImageWrapper (52)
[2018.03.06-22.48.56:416][ 17]LogModuleManager: Shutting down and abandoning module TextureFormatASTC (51)
[2018.03.06-22.48.56:416][ 17]LogModuleManager: Shutting down and abandoning module TextureFormatAndroid (50)
[2018.03.06-22.48.56:416][ 17]LogModuleManager: Shutting down and abandoning module AudioFormatOpus (49)
[2018.03.06-22.48.56:416][ 17]LogModuleManager: Shutting down and abandoning module AudioFormatOgg (48)
[2018.03.06-22.48.56:416][ 17]LogModuleManager: Shutting down and abandoning module AudioFormatADPCM (47)
[2018.03.06-22.48.56:417][ 17]LogModuleManager: Shutting down and abandoning module LinuxTargetPlatform (46)
[2018.03.06-22.48.56:417][ 17]LogModuleManager: Shutting down and abandoning module LinuxServerTargetPlatform (45)
[2018.03.06-22.48.56:417][ 17]LogModuleManager: Shutting down and abandoning module LinuxNoEditorTargetPlatform (44)
[2018.03.06-22.48.56:417][ 17]LogModuleManager: Shutting down and abandoning module LinuxClientTargetPlatform (43)
[2018.03.06-22.48.56:417][ 17]LogModuleManager: Shutting down and abandoning module TVOSTargetPlatform (42)
[2018.03.06-22.48.56:417][ 17]LogModuleManager: Shutting down and abandoning module Messaging (41)
[2018.03.06-22.48.56:417][ 17]LogModuleManager: Shutting down and abandoning module IOSTargetPlatform (40)
[2018.03.06-22.48.56:417][ 17]LogModuleManager: Shutting down and abandoning module HTML5TargetPlatform (39)
[2018.03.06-22.48.56:417][ 17]LogModuleManager: Shutting down and abandoning module Android_PVRTCTargetPlatform (38)
[2018.03.06-22.48.56:417][ 17]LogModuleManager: Shutting down and abandoning module Android_MultiTargetPlatform (37)
[2018.03.06-22.48.56:417][ 17]LogModuleManager: Shutting down and abandoning module Android_ETC2TargetPlatform (36)
[2018.03.06-22.48.56:417][ 17]LogModuleManager: Shutting down and abandoning module Android_ETC1TargetPlatform (35)
[2018.03.06-22.48.56:417][ 17]LogModuleManager: Shutting down and abandoning module Android_DXTTargetPlatform (34)
[2018.03.06-22.48.56:417][ 17]LogModuleManager: Shutting down and abandoning module Android_ATCTargetPlatform (33)
[2018.03.06-22.48.56:417][ 17]LogModuleManager: Shutting down and abandoning module Android_ASTCTargetPlatform (32)
[2018.03.06-22.48.56:417][ 17]LogModuleManager: Shutting down and abandoning module AndroidTargetPlatform (31)
[2018.03.06-22.48.56:417][ 17]LogModuleManager: Shutting down and abandoning module WindowsTargetPlatform (30)
[2018.03.06-22.48.56:417][ 17]LogModuleManager: Shutting down and abandoning module WindowsServerTargetPlatform (29)
[2018.03.06-22.48.56:417][ 17]LogModuleManager: Shutting down and abandoning module WindowsNoEditorTargetPlatform (28)
[2018.03.06-22.48.56:417][ 17]LogModuleManager: Shutting down and abandoning module WindowsClientTargetPlatform (27)
[2018.03.06-22.48.56:417][ 17]LogModuleManager: Shutting down and abandoning module AllDesktopTargetPlatform (26)
[2018.03.06-22.48.56:417][ 17]LogModuleManager: Shutting down and abandoning module TargetPlatform (25)
[2018.03.06-22.48.56:417][ 17]LogModuleManager: Shutting down and abandoning module InputCore (24)
[2018.03.06-22.48.56:417][ 17]LogModuleManager: Shutting down and abandoning module Settings (23)
[2018.03.06-22.48.56:417][ 17]LogModuleManager: Shutting down and abandoning module OculusRift (22)
[2018.03.06-22.48.56:417][ 17]LogModuleManager: Shutting down and abandoning module GearVR (21)
[2018.03.06-22.48.56:417][ 17]LogModuleManager: Shutting down and abandoning module ExampleDeviceProfileSelector (20)
[2018.03.06-22.48.56:417][ 17]LogModuleManager: Shutting down and abandoning module OnlineBlueprintSupport (19)
[2018.03.06-22.48.56:417][ 17]LogModuleManager: Shutting down and abandoning module OnlineSubsystem (17)
[2018.03.06-22.48.56:417][ 17]LogOnline:Display: Unloading online subsystem: NULL
[2018.03.06-22.48.56:417][ 17]LogModuleManager: Shutting down and abandoning module HTTP (16)
[2018.03.06-22.48.56:417][ 17]LogHttp:Display: Http module shutting down, but needs to wait on 1 outstanding Http requests:
[2018.03.06-22.48.56:417][ 17]LogHttp:Display: 	verb=[POST] url=[https://datarouter.ol.epicgames.com/datarouter/api/v1/public/data?SessionID=%7BA39FB275-4F92-43C4-7DA4-948A68584145%7D&AppID=UEEditor.Rocket.Release&AppVersion=4.13.2-3172292%2B%2B%2BUE4%2BRelease-4.13&UserID=48a559c1457afdc1d0993ca787c5572b%7C526c3015292f412191fd915cb8510c16%7C23ec979f-9cca-4e97-b38a-3935e3d085fa&AppEnvironment=datacollector-binary&UploadType=eteventstream] status=Processing
[2018.03.06-22.48.56:420][ 17]LogModuleManager: Shutting down and abandoning module XMPP (15)
[2018.03.06-22.48.56:420][ 17]LogModuleManager: Shutting down and abandoning module TextureCompressor (14)
[2018.03.06-22.48.56:420][ 17]LogModuleManager: Shutting down and abandoning module ShaderCore (13)
[2018.03.06-22.48.56:420][ 17]LogModuleManager: Shutting down and abandoning module Landscape (12)
[2018.03.06-22.48.56:421][ 17]LogModuleManager: Shutting down and abandoning module SlateRHIRenderer (11)
[2018.03.06-22.48.56:431][ 17]LogModuleManager: Shutting down and abandoning module OpenGLDrv (10)
[2018.03.06-22.48.56:431][ 17]LogModuleManager: Shutting down and abandoning module D3D11RHI (9)
[2018.03.06-22.48.56:431][ 17]LogModuleManager: Shutting down and abandoning module AnimGraphRuntime (8)
[2018.03.06-22.48.56:431][ 17]LogModuleManager: Shutting down and abandoning module Renderer (7)
[2018.03.06-22.48.56:431][ 17]LogModuleManager: Shutting down and abandoning module Engine (6)
[2018.03.06-22.48.56:431][ 17]LogModuleManager: Shutting down and abandoning module CoreUObject (5)
[2018.03.06-22.48.56:431][ 17]LogModuleManager: Shutting down and abandoning module NetworkFile (4)
[2018.03.06-22.48.56:431][ 17]LogModuleManager: Shutting down and abandoning module StreamingFile (3)
[2018.03.06-22.48.56:432][ 17]LogModuleManager: Shutting down and abandoning module SandboxFile (2)
[2018.03.06-22.48.56:432][ 17]LogModuleManager: Shutting down and abandoning module PakFile (1)
[2018.03.06-22.48.56:435][ 17]LogExit: Exiting.
[2018.03.06-22.48.56:440][ 17]Log file closed, 03/06/18 23:48:56
